[2024-12-30T20:33:37.643460700] [HINT] Would you like to load the farm data from a JSON file? (yes/no): 
[2024-12-30T20:33:44.928515300] [HINT] Enter the name of the JSON file (e.g., config_1.json, config_2.json): 
[2024-12-30T20:33:57.072472400] [WARNING] File not found. Would you like to try again? (yes/no): 
[2024-12-30T20:34:11.011186500] [HINT] Enter the name of the JSON file (e.g., config_1.json, config_2.json): 
[2024-12-30T20:34:36.292039200] [INFO] Updated class name: cz.cvut.fel.omo.smartfarm.state.field.PlantedState
[2024-12-30T20:34:36.296750400] [INFO] Updated class name: cz.cvut.fel.omo.smartfarm.state.field.FreeState
[2024-12-30T20:34:36.298744] [INFO] Updated class name: cz.cvut.fel.omo.smartfarm.state.farmer.WorkingState
[2024-12-30T20:34:36.302743200] [INFO] Updated class name: cz.cvut.fel.omo.smartfarm.state.farmer.RestingState
[2024-12-30T20:34:36.312753200] [INFO] Updated class name: cz.cvut.fel.omo.smartfarm.state.equipment.OnState
[2024-12-30T20:34:36.316884300] [INFO] Updated class name: cz.cvut.fel.omo.smartfarm.state.equipment.OffState
[2024-12-30T20:34:36.330882900] [HINT] Farm created successfully: 
[2024-12-30T20:34:36.356796400] [HINT] Farm: Farm 2
|-- Fields
|    - Field{cropType='Barley', fieldSize=120, state=PlantedState}
|    - Field{cropType='Oats', fieldSize=80, state=FreeState}
|-- Farmers
|    - Farmer{name='Alice Smith', age=30, currentState=WorkingState}
|    - Farmer{name='Bob Brown', age=45, currentState=RestingState}
|-- Buildings
|    - Building Details:
-----------------
Name: Greenhouse 2
Type: Greenhouse
Area: 50,00 sq.m
Capacity: 60
Current Usage: 0

|    - Building Details:
-----------------
Name: House 2
Type: House
Area: 4,00 sq.m
Capacity: 0
Current Usage: 0

|    - Building Details:
-----------------
Name: Stable 2
Type: Stable
Area: 40,00 sq.m
Capacity: 15
Current Usage: 0

|    - Building Details:
-----------------
Name: Warehouse 2
Type: Warehouse
Area: 200,00 sq.m
Capacity: 120
Current Usage: 0

|    - Building Details:
-----------------
Name: Workshop 2
Type: Workshop
Area: 100,00 sq.m
Capacity: 60
Current Usage: 0

|    - Building Details:
-----------------
Name: Barn 2
Type: Barn
Area: 50,00 sq.m
Capacity: 150
Current Usage: 0

|-- Equipments
|    - Equipment{name='Combine Harvester', currentState=OnState}
|    - Equipment{name='Hoe', currentState=OffState}
|-- Animals
|    - Animal{type='Cow', takesPlaces=4, dailyFoodIntake=5}
|    - Animal{type='Chicken', takesPlaces=1, dailyFoodIntake=2}
|-- Products
|    - Product{name='Eggs', price=2.5, weight=0, productType=Egg}
|    - Product{name='Meat', price=22.0, weight=6, productType=Meat}
|    - Product{name='Milk', price=12.0, weight=2, productType=Milk}
|-- Product Price: 36.5

[2024-12-30T20:34:36.565471900] [HINT] Farm name: Farm 2
[2024-12-30T20:34:36.576490200] [HINT] Observers have been added to the subjects.
[2024-12-30T20:34:36.793244] [HINT] 
Processing random events...
[2024-12-30T20:34:37.008849900] [HINT] Event #1
Event{type=PLANT_CROPS, description='Random event description'}
[2024-12-30T20:34:37.016846700] [INFO] The field is already planted.
[2024-12-30T20:34:37.220901] [HINT] Event #2
Event{type=FARMER_WORK, description='Random event description'}
[2024-12-30T20:34:37.223887600] [INFO] Alice Smith is already working.
[2024-12-30T20:34:37.439392300] [HINT] Event #3
Event{type=HARVEST_CROPS, description='Random event description'}
[2024-12-30T20:34:37.442334300] [INFO] The field is not ready for harvesting.
[2024-12-30T20:34:37.655947500] [HINT] Event #4
Event{type=APPLY_PESTICIDE, description='Random event description'}
[2024-12-30T20:34:37.659854700] [INFO] The field is now ready for applying pesticides.
[2024-12-30T20:34:37.872981200] [HINT] Event #5
Event{type=PERFORM_ACTION, description='Random event description'}
[2024-12-30T20:34:37.875985800] [INFO] Combine Harvester is performing its action.
[2024-12-30T20:34:38.091682600] [HINT] Event #6
Event{type=APPLY_PESTICIDE, description='Random event description'}
[2024-12-30T20:34:38.094711200] [INFO] The field already has pesticides applied.
[2024-12-30T20:34:38.310031900] [HINT] Event #7
Event{type=TURN_OFF, description='Random event description'}
[2024-12-30T20:34:38.317029] [INFO] Combine Harvester is turning OFF.
[2024-12-30T20:34:38.530654100] [HINT] Event #8
Event{type=PERFORM_ACTION, description='Random event description'}
[2024-12-30T20:34:38.535657900] [INFO] Combine Harvester is OFF and cannot perform any actions.
[2024-12-30T20:34:38.753678100] [HINT] Event #9
Event{type=TURN_OFF, description='Random event description'}
[2024-12-30T20:34:38.757685600] [INFO] Combine Harvester is already OFF.
[2024-12-30T20:34:38.976169400] [HINT] Event #10
Event{type=TURN_ON, description='Random event description'}
[2024-12-30T20:34:38.979138700] [INFO] Combine Harvester is turning ON.
[2024-12-30T20:34:39.193878500] [HINT] Event #11
Event{type=FARMER_WORK, description='Random event description'}
[2024-12-30T20:34:39.197860300] [INFO] Alice Smith is already working.
[2024-12-30T20:34:39.411471400] [HINT] Event #12
Event{type=HARVEST_CROPS, description='Random event description'}
[2024-12-30T20:34:39.414472700] [INFO] The field was harvested.
[2024-12-30T20:34:39.629885400] [HINT] Event #13
Event{type=REPAIR, description='Random event description'}
[2024-12-30T20:34:39.631883100] [INFO] Combine Harvester is ON and doesn't need repairs.
[2024-12-30T20:34:39.846657500] [HINT] Event #14
Event{type=FARMER_WORK, description='Random event description'}
[2024-12-30T20:34:39.848649300] [INFO] Alice Smith is already working.
[2024-12-30T20:34:40.065569600] [HINT] Event #15
Event{type=TURN_ON, description='Random event description'}
[2024-12-30T20:34:40.068602600] [INFO] Combine Harvester is already ON.
[2024-12-30T20:34:40.283665500] [HINT] Event #16
Event{type=APPLY_PESTICIDE, description='Random event description'}
[2024-12-30T20:34:40.286620300] [INFO] The field is free. No need for applying pesticides.
[2024-12-30T20:34:40.505387800] [HINT] Event #17
Event{type=APPLY_PESTICIDE, description='Random event description'}
[2024-12-30T20:34:40.509376700] [INFO] The field is free. No need for applying pesticides.
[2024-12-30T20:34:40.721551700] [HINT] Event #18
Event{type=APPLY_PESTICIDE, description='Random event description'}
[2024-12-30T20:34:40.725554600] [INFO] The field is free. No need for applying pesticides.
[2024-12-30T20:34:40.941965500] [HINT] Event #19
Event{type=PLANT_CROPS, description='Random event description'}
[2024-12-30T20:34:40.944990800] [INFO] The field is now planted.
[2024-12-30T20:34:41.161725600] [HINT] Event #20
Event{type=REPAIR, description='Random event description'}
[2024-12-30T20:34:41.165737200] [INFO] Combine Harvester is ON and doesn't need repairs.
[2024-12-30T20:34:41.381803300] [HINT] Event #21
Event{type=PLANT_CROPS, description='Random event description'}
[2024-12-30T20:34:41.385808300] [INFO] The field is already planted.
[2024-12-30T20:34:41.601763300] [HINT] Event #22
Event{type=BREAK_DOWN, description='Random event description'}
[2024-12-30T20:34:41.605652600] [INFO] Combine Harvester is breaking down.
[2024-12-30T20:34:41.820179500] [HINT] Event #23
Event{type=FARMER_REST, description='Random event description'}
[2024-12-30T20:34:41.823152900] [INFO] Alice Smith is taking a rest after working.
[2024-12-30T20:34:42.041006700] [HINT] Event #24
Event{type=FARMER_REST, description='Random event description'}
[2024-12-30T20:34:42.045034500] [INFO] Alice Smith is already resting.
[2024-12-30T20:34:42.260552] [HINT] Event #25
Event{type=BREAK_DOWN, description='Random event description'}
[2024-12-30T20:34:42.262472] [INFO] Combine Harvester is already broken.
[2024-12-30T20:34:42.465917700] [HINT] Event #26
Event{type=BREAK_DOWN, description='Random event description'}
[2024-12-30T20:34:42.467907] [INFO] Combine Harvester is already broken.
[2024-12-30T20:34:42.671076] [HINT] Event #27
Event{type=HARVEST_CROPS, description='Random event description'}
[2024-12-30T20:34:42.673048900] [INFO] The field is not ready for harvesting.
[2024-12-30T20:34:42.890614400] [HINT] Event #28
Event{type=FARMER_SLEEP, description='Random event description'}
[2024-12-30T20:34:42.893595300] [INFO] Alice Smith goes to sleep after resting.
[2024-12-30T20:34:43.109783400] [HINT] Event #29
Event{type=APPLY_PESTICIDE, description='Random event description'}
[2024-12-30T20:34:43.111798200] [INFO] The field is now ready for applying pesticides.
[2024-12-30T20:34:43.327750500] [HINT] Event #30
Event{type=REFUEL, description='Random event description'}
[2024-12-30T20:34:43.330754600] [INFO] Combine Harvester is refueled to 100.
[2024-12-30T20:34:43.548594800] [HINT] Event #31
Event{type=FARMER_REST, description='Random event description'}
[2024-12-30T20:34:43.551607200] [INFO] Alice Smith cannot rest while sleeping.
[2024-12-30T20:34:43.767617300] [HINT] Event #32
Event{type=PERFORM_ACTION, description='Random event description'}
[2024-12-30T20:34:43.769597] [INFO] Combine Harvester is broken and cannot perform any actions.
[2024-12-30T20:34:43.985585] [HINT] Event #33
Event{type=PLANT_CROPS, description='Random event description'}
[2024-12-30T20:34:43.988604200] [INFO] The field with pesticides is not ready for planting.
[2024-12-30T20:34:44.205405600] [HINT] Event #34
Event{type=REFUEL, description='Random event description'}
[2024-12-30T20:34:44.208405800] [INFO] Combine Harvester is refueled to 100.
[2024-12-30T20:34:44.423235900] [HINT] Event #35
Event{type=HARVEST_CROPS, description='Random event description'}
[2024-12-30T20:34:44.427174100] [INFO] The field with pesticides is not ready for harvesting.
[2024-12-30T20:34:44.640955600] [HINT] Event #36
Event{type=BREAK_DOWN, description='Random event description'}
[2024-12-30T20:34:44.643977800] [INFO] Combine Harvester is already broken.
[2024-12-30T20:34:44.859947300] [HINT] Event #37
Event{type=FARMER_WORK, description='Random event description'}
[2024-12-30T20:34:44.862969100] [INFO] Alice Smith is waking up and starting to work.
[2024-12-30T20:34:45.079216700] [HINT] Event #38
Event{type=FARMER_REST, description='Random event description'}
[2024-12-30T20:34:45.081185900] [INFO] Alice Smith is taking a rest after working.
[2024-12-30T20:34:45.298251400] [HINT] Event #39
Event{type=TURN_OFF, description='Random event description'}
[2024-12-30T20:34:45.300235100] [INFO] Combine Harvester is already OFF and broken.
[2024-12-30T20:34:45.515845500] [HINT] Event #40
Event{type=BREAK_DOWN, description='Random event description'}
[2024-12-30T20:34:45.518849] [INFO] Combine Harvester is already broken.
[2024-12-30T20:34:45.731911100] [HINT] Event #41
Event{type=PLANT_CROPS, description='Random event description'}
[2024-12-30T20:34:45.735909100] [INFO] The field with pesticides is not ready for planting.
[2024-12-30T20:34:45.951063600] [HINT] Event #42
Event{type=TURN_OFF, description='Random event description'}
[2024-12-30T20:34:45.954059900] [INFO] Combine Harvester is already OFF and broken.
[2024-12-30T20:34:46.171567200] [HINT] Event #43
Event{type=HARVEST_CROPS, description='Random event description'}
[2024-12-30T20:34:46.173555100] [INFO] The field with pesticides is not ready for harvesting.
[2024-12-30T20:34:46.387304] [HINT] Event #44
Event{type=PERFORM_ACTION, description='Random event description'}
[2024-12-30T20:34:46.389304100] [INFO] Combine Harvester is broken and cannot perform any actions.
[2024-12-30T20:34:46.605393100] [HINT] Event #45
Event{type=FARMER_SLEEP, description='Random event description'}
[2024-12-30T20:34:46.608389100] [INFO] Alice Smith goes to sleep after resting.
[2024-12-30T20:34:46.825329400] [HINT] Event #46
Event{type=FARMER_WORK, description='Random event description'}
[2024-12-30T20:34:46.828310300] [INFO] Alice Smith is waking up and starting to work.
[2024-12-30T20:34:47.043869100] [HINT] Event #47
Event{type=REPAIR, description='Random event description'}
[2024-12-30T20:34:47.047393400] [INFO] Combine Harvester is being repaired.
[2024-12-30T20:34:47.262878300] [HINT] Event #48
Event{type=PLANT_CROPS, description='Random event description'}
[2024-12-30T20:34:47.265844400] [INFO] The field with pesticides is not ready for planting.
[2024-12-30T20:34:47.481906400] [HINT] Event #49
Event{type=PERFORM_ACTION, description='Random event description'}
[2024-12-30T20:34:47.485897700] [INFO] Combine Harvester is repaired and ready to perform actions.
[2024-12-30T20:34:47.700130600] [HINT] Event #50
Event{type=FARMER_REST, description='Random event description'}
[2024-12-30T20:34:47.703075500] [INFO] Alice Smith is taking a rest after working.
[2024-12-30T20:34:47.918523200] [HINT] Event #51
Event{type=APPLY_PESTICIDE, description='Random event description'}
[2024-12-30T20:34:47.920529400] [INFO] The field already has pesticides applied.
[2024-12-30T20:34:48.136584300] [HINT] Event #52
Event{type=BREAK_DOWN, description='Random event description'}
[2024-12-30T20:34:48.138589800] [INFO] Combine Harvester is breaking down again.
[2024-12-30T20:34:48.356237500] [HINT] Event #53
Event{type=TURN_OFF, description='Random event description'}
[2024-12-30T20:34:48.358237500] [INFO] Combine Harvester is already OFF and broken.
[2024-12-30T20:34:48.571739300] [HINT] Event #54
Event{type=FARMER_REST, description='Random event description'}
[2024-12-30T20:34:48.574743700] [INFO] Alice Smith is already resting.
[2024-12-30T20:34:48.787151] [HINT] Event #55
Event{type=HARVEST_CROPS, description='Random event description'}
[2024-12-30T20:34:48.790125200] [INFO] The field was harvested.
[2024-12-30T20:34:49.006993] [HINT] Event #56
Event{type=TURN_ON, description='Random event description'}
[2024-12-30T20:34:49.008991200] [INFO] Combine Harvester is broken and cannot be turned ON.
[2024-12-30T20:34:49.225758900] [HINT] Event #57
Event{type=APPLY_PESTICIDE, description='Random event description'}
[2024-12-30T20:34:49.228754700] [INFO] The field is free. No need for applying pesticides.
[2024-12-30T20:34:49.441263300] [HINT] Event #58
Event{type=REFUEL, description='Random event description'}
[2024-12-30T20:34:49.444284100] [INFO] Combine Harvester is refueled to 100.
[2024-12-30T20:34:49.658709200] [HINT] Event #59
Event{type=TURN_ON, description='Random event description'}
[2024-12-30T20:34:49.661686500] [INFO] Combine Harvester is broken and cannot be turned ON.
[2024-12-30T20:34:49.876940500] [HINT] Event #60
Event{type=HARVEST_CROPS, description='Random event description'}
[2024-12-30T20:34:49.879928900] [INFO] The field is free. No need for harvesting.
[2024-12-30T20:34:50.092701700] [HINT] Event #61
Event{type=TURN_ON, description='Random event description'}
[2024-12-30T20:34:50.096718] [INFO] Combine Harvester is broken and cannot be turned ON.
[2024-12-30T20:34:50.311103800] [HINT] Event #62
Event{type=FARMER_WORK, description='Random event description'}
[2024-12-30T20:34:50.314061600] [INFO] Alice Smith feels rested and starts working.
[2024-12-30T20:34:50.529774900] [HINT] Event #63
Event{type=FARMER_WORK, description='Random event description'}
[2024-12-30T20:34:50.532284700] [INFO] Alice Smith is already working.
[2024-12-30T20:34:50.746892700] [HINT] Event #64
Event{type=PLANT_CROPS, description='Random event description'}
[2024-12-30T20:34:50.749841800] [INFO] The field is now planted.
[2024-12-30T20:34:50.966090600] [HINT] Event #65
Event{type=BREAK_DOWN, description='Random event description'}
[2024-12-30T20:34:50.969038700] [INFO] Combine Harvester is already broken.
[2024-12-30T20:34:51.185393600] [HINT] Event #66
Event{type=REFUEL, description='Random event description'}
[2024-12-30T20:34:51.188389300] [INFO] Combine Harvester is refueled to 100.
[2024-12-30T20:34:51.405376400] [HINT] Event #67
Event{type=TURN_OFF, description='Random event description'}
[2024-12-30T20:34:51.408328800] [INFO] Combine Harvester is already OFF and broken.
[2024-12-30T20:34:51.622708100] [HINT] Event #68
Event{type=FARMER_WORK, description='Random event description'}
[2024-12-30T20:34:51.624661700] [INFO] Alice Smith is already working.
[2024-12-30T20:34:51.839513900] [HINT] Event #69
Event{type=FARMER_REST, description='Random event description'}
[2024-12-30T20:34:51.844034700] [INFO] Alice Smith is taking a rest after working.
[2024-12-30T20:34:52.057685500] [HINT] Event #70
Event{type=TURN_OFF, description='Random event description'}
[2024-12-30T20:34:52.059721700] [INFO] Combine Harvester is already OFF and broken.
[2024-12-30T20:34:52.276478600] [HINT] Event #71
Event{type=APPLY_PESTICIDE, description='Random event description'}
[2024-12-30T20:34:52.279477200] [INFO] The field is now ready for applying pesticides.
[2024-12-30T20:34:52.495832900] [HINT] Event #72
Event{type=PLANT_CROPS, description='Random event description'}
[2024-12-30T20:34:52.498834900] [INFO] The field with pesticides is not ready for planting.
[2024-12-30T20:34:52.713576700] [HINT] Event #73
Event{type=FARMER_REST, description='Random event description'}
[2024-12-30T20:34:52.716572800] [INFO] Alice Smith is already resting.
[2024-12-30T20:34:52.929547800] [HINT] Event #74
Event{type=APPLY_PESTICIDE, description='Random event description'}
[2024-12-30T20:34:52.931546] [INFO] The field already has pesticides applied.
[2024-12-30T20:34:53.149045200] [HINT] Event #75
Event{type=TURN_OFF, description='Random event description'}
[2024-12-30T20:34:53.150978300] [INFO] Combine Harvester is already OFF and broken.
[2024-12-30T20:34:53.366471300] [HINT] Event #76
Event{type=FARMER_WORK, description='Random event description'}
[2024-12-30T20:34:53.369429500] [INFO] Alice Smith feels rested and starts working.
[2024-12-30T20:34:53.583730] [HINT] Event #77
Event{type=FARMER_SLEEP, description='Random event description'}
[2024-12-30T20:34:53.587711800] [INFO] Alice Smith is too tired from working and goes to sleep.
[2024-12-30T20:34:53.804156100] [HINT] Event #78
Event{type=APPLY_PESTICIDE, description='Random event description'}
[2024-12-30T20:34:53.807160800] [INFO] The field is not ready for applying pesticides.
[2024-12-30T20:34:54.024178400] [HINT] Event #79
Event{type=PLANT_CROPS, description='Random event description'}
[2024-12-30T20:34:54.028188100] [INFO] The field is already planted.
[2024-12-30T20:34:54.241505100] [HINT] Event #80
Event{type=FARMER_REST, description='Random event description'}
[2024-12-30T20:34:54.243492800] [INFO] Alice Smith cannot rest while sleeping.
[2024-12-30T20:34:54.460284100] [HINT] Event #81
Event{type=FARMER_WORK, description='Random event description'}
[2024-12-30T20:34:54.462286900] [INFO] Alice Smith is waking up and starting to work.
[2024-12-30T20:34:54.678499400] [HINT] Event #82
Event{type=REPAIR, description='Random event description'}
[2024-12-30T20:34:54.681503300] [INFO] Combine Harvester is being repaired.
[2024-12-30T20:34:54.898018900] [HINT] Event #83
Event{type=TURN_ON, description='Random event description'}
[2024-12-30T20:34:54.900018600] [INFO] Combine Harvester is repaired and turning ON.
[2024-12-30T20:34:55.115036] [HINT] Event #84
Event{type=APPLY_PESTICIDE, description='Random event description'}
[2024-12-30T20:34:55.118027200] [INFO] The field is not ready for applying pesticides.
[2024-12-30T20:34:55.333083700] [HINT] Event #85
Event{type=TURN_OFF, description='Random event description'}
[2024-12-30T20:34:55.337081800] [INFO] Combine Harvester is turning OFF.
[2024-12-30T20:34:55.552884900] [HINT] Event #86
Event{type=TURN_ON, description='Random event description'}
[2024-12-30T20:34:55.556896700] [INFO] Combine Harvester is turning ON.
[2024-12-30T20:34:55.767608] [HINT] Event #87
Event{type=FARMER_WORK, description='Random event description'}
[2024-12-30T20:34:55.769608600] [INFO] Alice Smith is already working.
[2024-12-30T20:34:55.986855800] [HINT] Event #88
Event{type=PERFORM_ACTION, description='Random event description'}
[2024-12-30T20:34:55.989829100] [INFO] Combine Harvester is performing its action.
[2024-12-30T20:34:56.203229700] [HINT] Event #89
Event{type=FARMER_SLEEP, description='Random event description'}
[2024-12-30T20:34:56.206189800] [INFO] Alice Smith is too tired from working and goes to sleep.
[2024-12-30T20:34:56.421061100] [HINT] Event #90
Event{type=TURN_ON, description='Random event description'}
[2024-12-30T20:34:56.424045300] [INFO] Combine Harvester is already ON.
[2024-12-30T20:34:56.639269100] [HINT] Event #91
Event{type=TURN_ON, description='Random event description'}
[2024-12-30T20:34:56.642273100] [INFO] Combine Harvester is already ON.
[2024-12-30T20:34:56.857219500] [HINT] Event #92
Event{type=FARMER_REST, description='Random event description'}
[2024-12-30T20:34:56.863215] [INFO] Alice Smith cannot rest while sleeping.
[2024-12-30T20:34:57.074972100] [HINT] Event #93
Event{type=TURN_OFF, description='Random event description'}
[2024-12-30T20:34:57.077968100] [INFO] Combine Harvester is turning OFF.
[2024-12-30T20:34:57.295247500] [HINT] Event #94
Event{type=PLANT_CROPS, description='Random event description'}
[2024-12-30T20:34:57.298198500] [INFO] The field is already planted.
[2024-12-30T20:34:57.510793800] [HINT] Event #95
Event{type=APPLY_PESTICIDE, description='Random event description'}
[2024-12-30T20:34:57.512792300] [INFO] The field is not ready for applying pesticides.
[2024-12-30T20:34:57.728355100] [HINT] Event #96
Event{type=FARMER_SLEEP, description='Random event description'}
[2024-12-30T20:34:57.731313400] [INFO] Alice Smith is already sleeping.
[2024-12-30T20:34:57.945689] [HINT] Event #97
Event{type=PERFORM_ACTION, description='Random event description'}
[2024-12-30T20:34:57.948560300] [INFO] Combine Harvester is OFF and cannot perform any actions.
[2024-12-30T20:34:58.165643900] [HINT] Event #98
Event{type=REFUEL, description='Random event description'}
[2024-12-30T20:34:58.168645100] [INFO] Combine Harvester is refueled to 100.
[2024-12-30T20:34:58.385205800] [HINT] Event #99
Event{type=PERFORM_ACTION, description='Random event description'}
[2024-12-30T20:34:58.388139300] [INFO] Combine Harvester is OFF and cannot perform any actions.
[2024-12-30T20:34:58.603917300] [HINT] Event #100
Event{type=PERFORM_ACTION, description='Random event description'}
[2024-12-30T20:34:58.607921900] [INFO] Combine Harvester is OFF and cannot perform any actions.
[2024-12-30T20:34:58.824698300] [HINT] Would you like to save the current farm data to a JSON file? (yes/no): 
[2024-12-30T20:36:04.357886400] [INFO] Farm data was not saved.
