[2024-12-30T20:44:23.765577800] [HINT] Would you like to load the farm data from a JSON file? (yes/no): 
[2024-12-30T20:44:29.597436900] [HINT] Enter the name of the JSON file (e.g., config_1.json, config_2.json): 
[2024-12-30T20:44:44.462731700] [INFO] Updated class name: cz.cvut.fel.omo.smartfarm.state.field.FreeState
[2024-12-30T20:44:44.465546] [INFO] Updated class name: cz.cvut.fel.omo.smartfarm.state.field.PlantedState
[2024-12-30T20:44:44.470546200] [INFO] Updated class name: cz.cvut.fel.omo.smartfarm.state.farmer.RestingState
[2024-12-30T20:44:44.473549100] [INFO] Updated class name: cz.cvut.fel.omo.smartfarm.state.farmer.WorkingState
[2024-12-30T20:44:44.485546600] [INFO] Updated class name: cz.cvut.fel.omo.smartfarm.state.equipment.OnState
[2024-12-30T20:44:44.489146600] [INFO] Updated class name: cz.cvut.fel.omo.smartfarm.state.equipment.OffState
[2024-12-30T20:44:44.500148600] [HINT] Farm created successfully: 
[2024-12-30T20:44:44.526639200] [HINT] Farm: My Farm
|-- Fields
|    - Field{cropType='Wheat', fieldSize=100, state=FreeState}
|    - Field{cropType='Corn', fieldSize=50, state=PlantedState}
|-- Farmers
|    - Farmer{name='John Doe', age=35, currentState=RestingState}
|    - Farmer{name='Jane Doe', age=28, currentState=WorkingState}
|-- Buildings
|    - Building Details:
-----------------
Name: Greenhouse 1
Type: Greenhouse
Area: 50,00 sq.m
Capacity: 50
Current Usage: 0

|    - Building Details:
-----------------
Name: House 1
Type: House
Area: 3,00 sq.m
Capacity: 0
Current Usage: 0

|    - Building Details:
-----------------
Name: Stable 1
Type: Stable
Area: 40,00 sq.m
Capacity: 10
Current Usage: 0

|    - Building Details:
-----------------
Name: Warehouse 1
Type: Warehouse
Area: 200,00 sq.m
Capacity: 100
Current Usage: 0

|    - Building Details:
-----------------
Name: Workshop 1
Type: Workshop
Area: 100,00 sq.m
Capacity: 50
Current Usage: 0

|    - Building Details:
-----------------
Name: Barn 1
Type: Barn
Area: 50,00 sq.m
Capacity: 100
Current Usage: 0

|-- Equipments
|    - Equipment{name='Tractor', currentState=OnState}
|    - Equipment{name='Shovel', currentState=OffState}
|-- Animals
|    - Animal{type='Cow', takesPlaces=4, dailyFoodIntake=5}
|    - Animal{type='Sheep', takesPlaces=2, dailyFoodIntake=3}
|-- Products
|    - Product{name='Meat', price=20.0, weight=5, productType=Meat}
|    - Product{name='Milk', price=10.0, weight=2, productType=Milk}
|    - Product{name='Wool', price=15.0, weight=1, productType=Wool}
|-- Product Price: 45.0

[2024-12-30T20:44:44.735108400] [HINT] Farm name: My Farm
[2024-12-30T20:44:44.743102200] [HINT] Observers have been added to the subjects.
[2024-12-30T20:44:44.960282100] [HINT] 
Processing random events...
[2024-12-30T20:44:45.179681300] [HINT] Event #1
Event{type=FARMER_REST, description='Random event description'}
[2024-12-30T20:44:45.185691600] [INFO] John Doe is already resting.
[2024-12-30T20:44:45.395437200] [HINT] Event #2
Event{type=HARVEST_CROPS, description='Random event description'}
[2024-12-30T20:44:45.399439100] [INFO] The field is free. No need for harvesting.
[2024-12-30T20:44:45.613146] [HINT] Event #3
Event{type=TURN_ON, description='Random event description'}
[2024-12-30T20:44:45.617145200] [INFO] Tractor is already ON.
[2024-12-30T20:44:45.830561700] [HINT] Event #4
Event{type=REFUEL, description='Random event description'}
[2024-12-30T20:44:45.834561800] [INFO] Tractor is refueled to 100.
[2024-12-30T20:44:46.053825300] [HINT] Event #5
Event{type=TURN_OFF, description='Random event description'}
[2024-12-30T20:44:46.057845600] [INFO] Tractor is turning OFF.
[2024-12-30T20:44:46.270788700] [HINT] Event #6
Event{type=REPAIR, description='Random event description'}
[2024-12-30T20:44:46.274787800] [INFO] Tractor is OFF and doesn't need repairs.
[2024-12-30T20:44:46.490203100] [HINT] Event #7
Event{type=REFUEL, description='Random event description'}
[2024-12-30T20:44:46.494209400] [INFO] Tractor is refueled to 100.
[2024-12-30T20:44:46.709973900] [HINT] Event #8
Event{type=FARMER_WORK, description='Random event description'}
[2024-12-30T20:44:46.713998600] [INFO] John Doe feels rested and starts working.
[2024-12-30T20:44:46.927359500] [HINT] Event #9
Event{type=APPLY_PESTICIDE, description='Random event description'}
[2024-12-30T20:44:46.929304800] [INFO] The field is free. No need for applying pesticides.
[2024-12-30T20:44:47.144317200] [HINT] Event #10
Event{type=FARMER_WORK, description='Random event description'}
[2024-12-30T20:44:47.148317700] [INFO] John Doe is already working.
[2024-12-30T20:44:47.361554400] [HINT] Event #11
Event{type=PERFORM_ACTION, description='Random event description'}
[2024-12-30T20:44:47.364885200] [INFO] Tractor is OFF and cannot perform any actions.
[2024-12-30T20:44:47.579670100] [HINT] Event #12
Event{type=HARVEST_CROPS, description='Random event description'}
[2024-12-30T20:44:47.584586200] [INFO] The field is free. No need for harvesting.
[2024-12-30T20:44:47.798142200] [HINT] Event #13
Event{type=REFUEL, description='Random event description'}
[2024-12-30T20:44:47.801088400] [INFO] Tractor is refueled to 100.
[2024-12-30T20:44:48.015876400] [HINT] Event #14
Event{type=REPAIR, description='Random event description'}
[2024-12-30T20:44:48.019876100] [INFO] Tractor is OFF and doesn't need repairs.
[2024-12-30T20:44:48.233866100] [HINT] Event #15
Event{type=FARMER_WORK, description='Random event description'}
[2024-12-30T20:44:48.237712500] [INFO] John Doe is already working.
[2024-12-30T20:44:48.452349100] [HINT] Event #16
Event{type=HARVEST_CROPS, description='Random event description'}
[2024-12-30T20:44:48.457291500] [INFO] The field is free. No need for harvesting.
[2024-12-30T20:44:48.674671600] [HINT] Event #17
Event{type=REFUEL, description='Random event description'}
[2024-12-30T20:44:48.677675700] [INFO] Tractor is refueled to 100.
[2024-12-30T20:44:48.881757600] [HINT] Event #18
Event{type=FARMER_WORK, description='Random event description'}
[2024-12-30T20:44:48.884752300] [INFO] John Doe is already working.
[2024-12-30T20:44:49.097517300] [HINT] Event #19
Event{type=APPLY_PESTICIDE, description='Random event description'}
[2024-12-30T20:44:49.099519100] [INFO] The field is free. No need for applying pesticides.
[2024-12-30T20:44:49.314290800] [HINT] Event #20
Event{type=REPAIR, description='Random event description'}
[2024-12-30T20:44:49.318285700] [INFO] Tractor is OFF and doesn't need repairs.
[2024-12-30T20:44:49.532608500] [HINT] Event #21
Event{type=FARMER_REST, description='Random event description'}
[2024-12-30T20:44:49.538604200] [INFO] John Doe is taking a rest after working.
[2024-12-30T20:44:49.745760900] [HINT] Event #22
Event{type=PERFORM_ACTION, description='Random event description'}
[2024-12-30T20:44:49.747755200] [INFO] Tractor is OFF and cannot perform any actions.
[2024-12-30T20:44:49.962030600] [HINT] Event #23
Event{type=FARMER_WORK, description='Random event description'}
[2024-12-30T20:44:49.965058200] [INFO] John Doe feels rested and starts working.
[2024-12-30T20:44:50.179096] [HINT] Event #24
Event{type=FARMER_WORK, description='Random event description'}
[2024-12-30T20:44:50.182107400] [INFO] John Doe is already working.
[2024-12-30T20:44:50.395770500] [HINT] Event #25
Event{type=FARMER_SLEEP, description='Random event description'}
[2024-12-30T20:44:50.398761] [INFO] John Doe is too tired from working and goes to sleep.
[2024-12-30T20:44:50.615387800] [HINT] Event #26
Event{type=REPAIR, description='Random event description'}
[2024-12-30T20:44:50.618375900] [INFO] Tractor is OFF and doesn't need repairs.
[2024-12-30T20:44:50.835419400] [HINT] Event #27
Event{type=HARVEST_CROPS, description='Random event description'}
[2024-12-30T20:44:50.838413900] [INFO] The field is free. No need for harvesting.
[2024-12-30T20:44:51.056022400] [HINT] Event #28
Event{type=BREAK_DOWN, description='Random event description'}
[2024-12-30T20:44:51.059020600] [INFO] Tractor is breaking down while OFF.
[2024-12-30T20:44:51.273790300] [HINT] Event #29
Event{type=FARMER_REST, description='Random event description'}
[2024-12-30T20:44:51.276782300] [INFO] John Doe cannot rest while sleeping.
[2024-12-30T20:44:51.492008900] [HINT] Event #30
Event{type=FARMER_SLEEP, description='Random event description'}
[2024-12-30T20:44:51.496011200] [INFO] John Doe is already sleeping.
[2024-12-30T20:44:51.710114500] [HINT] Event #31
Event{type=FARMER_REST, description='Random event description'}
[2024-12-30T20:44:51.715074100] [INFO] John Doe cannot rest while sleeping.
[2024-12-30T20:44:51.927159] [HINT] Event #32
Event{type=TURN_OFF, description='Random event description'}
[2024-12-30T20:44:51.930105200] [INFO] Tractor is already OFF and broken.
[2024-12-30T20:44:52.147716600] [HINT] Event #33
Event{type=REFUEL, description='Random event description'}
[2024-12-30T20:44:52.149665600] [INFO] Tractor is refueled to 100.
[2024-12-30T20:44:52.353264600] [HINT] Event #34
Event{type=FARMER_REST, description='Random event description'}
[2024-12-30T20:44:52.357200100] [INFO] John Doe cannot rest while sleeping.
[2024-12-30T20:44:52.571272400] [HINT] Event #35
Event{type=FARMER_WORK, description='Random event description'}
[2024-12-30T20:44:52.574268900] [INFO] John Doe is waking up and starting to work.
[2024-12-30T20:44:52.788396700] [HINT] Event #36
Event{type=FARMER_SLEEP, description='Random event description'}
[2024-12-30T20:44:52.793376400] [INFO] John Doe is too tired from working and goes to sleep.
[2024-12-30T20:44:53.008343400] [HINT] Event #37
Event{type=TURN_OFF, description='Random event description'}
[2024-12-30T20:44:53.010344600] [INFO] Tractor is already OFF and broken.
[2024-12-30T20:44:53.226338100] [HINT] Event #38
Event{type=FARMER_SLEEP, description='Random event description'}
[2024-12-30T20:44:53.229218900] [INFO] John Doe is already sleeping.
[2024-12-30T20:44:53.443787800] [HINT] Event #39
Event{type=BREAK_DOWN, description='Random event description'}
[2024-12-30T20:44:53.447705300] [INFO] Tractor is already broken.
[2024-12-30T20:44:53.664393300] [HINT] Event #40
Event{type=BREAK_DOWN, description='Random event description'}
[2024-12-30T20:44:53.667352100] [INFO] Tractor is already broken.
[2024-12-30T20:44:53.881733] [HINT] Event #41
Event{type=FARMER_WORK, description='Random event description'}
[2024-12-30T20:44:53.886724400] [INFO] John Doe is waking up and starting to work.
[2024-12-30T20:44:54.100900500] [HINT] Event #42
Event{type=PERFORM_ACTION, description='Random event description'}
[2024-12-30T20:44:54.106945800] [INFO] Tractor is broken and cannot perform any actions.
[2024-12-30T20:44:54.318718900] [HINT] Event #43
Event{type=REFUEL, description='Random event description'}
[2024-12-30T20:44:54.320669800] [INFO] Tractor is refueled to 100.
[2024-12-30T20:44:54.536599100] [HINT] Event #44
Event{type=REFUEL, description='Random event description'}
[2024-12-30T20:44:54.539532800] [INFO] Tractor is refueled to 100.
[2024-12-30T20:44:54.756409100] [HINT] Event #45
Event{type=TURN_ON, description='Random event description'}
[2024-12-30T20:44:54.758374500] [INFO] Tractor is broken and cannot be turned ON.
[2024-12-30T20:44:54.961945400] [HINT] Event #46
Event{type=REFUEL, description='Random event description'}
[2024-12-30T20:44:54.965886500] [INFO] Tractor is refueled to 100.
[2024-12-30T20:44:55.181882500] [HINT] Event #47
Event{type=REFUEL, description='Random event description'}
[2024-12-30T20:44:55.185883700] [INFO] Tractor is refueled to 100.
[2024-12-30T20:44:55.399780] [HINT] Event #48
Event{type=TURN_ON, description='Random event description'}
[2024-12-30T20:44:55.402753500] [INFO] Tractor is broken and cannot be turned ON.
[2024-12-30T20:44:55.619685500] [HINT] Event #49
Event{type=REPAIR, description='Random event description'}
[2024-12-30T20:44:55.621685200] [INFO] Tractor is being repaired.
[2024-12-30T20:44:55.838263] [HINT] Event #50
Event{type=REFUEL, description='Random event description'}
[2024-12-30T20:44:55.840206500] [INFO] Tractor is refueled to 100.
[2024-12-30T20:44:56.055136400] [HINT] Event #51
Event{type=REPAIR, description='Random event description'}
[2024-12-30T20:44:56.059138900] [INFO] Tractor is already repaired.
[2024-12-30T20:44:56.272246800] [HINT] Event #52
Event{type=PLANT_CROPS, description='Random event description'}
[2024-12-30T20:44:56.276249600] [INFO] The field is now planted.
[2024-12-30T20:44:56.489917100] [HINT] Event #53
Event{type=FARMER_REST, description='Random event description'}
[2024-12-30T20:44:56.491912] [INFO] John Doe is taking a rest after working.
[2024-12-30T20:44:56.709390] [HINT] Event #54
Event{type=PERFORM_ACTION, description='Random event description'}
[2024-12-30T20:44:56.711390100] [INFO] Tractor is repaired and ready to perform actions.
[2024-12-30T20:44:56.928828800] [HINT] Event #55
Event{type=REPAIR, description='Random event description'}
[2024-12-30T20:44:56.932795800] [INFO] Tractor is already repaired.
[2024-12-30T20:44:57.147866] [HINT] Event #56
Event{type=FARMER_SLEEP, description='Random event description'}
[2024-12-30T20:44:57.149864600] [INFO] John Doe goes to sleep after resting.
[2024-12-30T20:44:57.365043500] [HINT] Event #57
Event{type=FARMER_REST, description='Random event description'}
[2024-12-30T20:44:57.368039] [INFO] John Doe cannot rest while sleeping.
[2024-12-30T20:44:57.585199700] [HINT] Event #58
Event{type=HARVEST_CROPS, description='Random event description'}
[2024-12-30T20:44:57.588196300] [INFO] The field is not ready for harvesting.
[2024-12-30T20:44:57.802860700] [HINT] Event #59
Event{type=HARVEST_CROPS, description='Random event description'}
[2024-12-30T20:44:57.806875800] [INFO] The field is not ready for harvesting.
[2024-12-30T20:44:58.022080700] [HINT] Event #60
Event{type=APPLY_PESTICIDE, description='Random event description'}
[2024-12-30T20:44:58.027089600] [INFO] The field is now ready for applying pesticides.
[2024-12-30T20:44:58.240756400] [HINT] Event #61
Event{type=PLANT_CROPS, description='Random event description'}
[2024-12-30T20:44:58.243044200] [INFO] The field with pesticides is not ready for planting.
[2024-12-30T20:44:58.458570200] [HINT] Event #62
Event{type=PLANT_CROPS, description='Random event description'}
[2024-12-30T20:44:58.460570800] [INFO] The field with pesticides is not ready for planting.
[2024-12-30T20:44:58.677048600] [HINT] Event #63
Event{type=PLANT_CROPS, description='Random event description'}
[2024-12-30T20:44:58.679044500] [INFO] The field with pesticides is not ready for planting.
[2024-12-30T20:44:58.896195200] [HINT] Event #64
Event{type=FARMER_REST, description='Random event description'}
[2024-12-30T20:44:58.899185200] [INFO] John Doe cannot rest while sleeping.
[2024-12-30T20:44:59.112606600] [HINT] Event #65
Event{type=REPAIR, description='Random event description'}
[2024-12-30T20:44:59.118618200] [INFO] Tractor is already repaired.
[2024-12-30T20:44:59.330699200] [HINT] Event #66
Event{type=FARMER_REST, description='Random event description'}
[2024-12-30T20:44:59.332709300] [INFO] John Doe cannot rest while sleeping.
[2024-12-30T20:44:59.545504300] [HINT] Event #67
Event{type=PERFORM_ACTION, description='Random event description'}
[2024-12-30T20:44:59.548502500] [INFO] Tractor is repaired and ready to perform actions.
[2024-12-30T20:44:59.762000600] [HINT] Event #68
Event{type=BREAK_DOWN, description='Random event description'}
[2024-12-30T20:44:59.766022300] [INFO] Tractor is breaking down again.
[2024-12-30T20:44:59.980481600] [HINT] Event #69
Event{type=HARVEST_CROPS, description='Random event description'}
[2024-12-30T20:44:59.982476700] [INFO] The field with pesticides is not ready for harvesting.
[2024-12-30T20:45:00.199462800] [HINT] Event #70
Event{type=APPLY_PESTICIDE, description='Random event description'}
[2024-12-30T20:45:00.202468700] [INFO] The field already has pesticides applied.
[2024-12-30T20:45:00.418339700] [HINT] Event #71
Event{type=BREAK_DOWN, description='Random event description'}
[2024-12-30T20:45:00.421390600] [INFO] Tractor is already broken.
[2024-12-30T20:45:00.639196700] [HINT] Event #72
Event{type=PERFORM_ACTION, description='Random event description'}
[2024-12-30T20:45:00.641194200] [INFO] Tractor is broken and cannot perform any actions.
[2024-12-30T20:45:00.844074] [HINT] Event #73
Event{type=FARMER_SLEEP, description='Random event description'}
[2024-12-30T20:45:00.848074700] [INFO] John Doe is already sleeping.
[2024-12-30T20:45:01.066301] [HINT] Event #74
Event{type=FARMER_SLEEP, description='Random event description'}
[2024-12-30T20:45:01.069296700] [INFO] John Doe is already sleeping.
[2024-12-30T20:45:01.284796] [HINT] Event #75
Event{type=TURN_ON, description='Random event description'}
[2024-12-30T20:45:01.287796400] [INFO] Tractor is broken and cannot be turned ON.
[2024-12-30T20:45:01.507530100] [HINT] Event #76
Event{type=PERFORM_ACTION, description='Random event description'}
[2024-12-30T20:45:01.516524800] [INFO] Tractor is broken and cannot perform any actions.
[2024-12-30T20:45:01.728240] [HINT] Event #77
Event{type=PLANT_CROPS, description='Random event description'}
[2024-12-30T20:45:01.738755600] [INFO] The field is already planted.
[2024-12-30T20:45:01.950341800] [HINT] Event #78
Event{type=FARMER_WORK, description='Random event description'}
[2024-12-30T20:45:01.953342700] [INFO] John Doe is waking up and starting to work.
[2024-12-30T20:45:02.175953800] [HINT] Event #79
Event{type=BREAK_DOWN, description='Random event description'}
[2024-12-30T20:45:02.183941600] [INFO] Tractor is already broken.
[2024-12-30T20:45:02.397975400] [HINT] Event #80
Event{type=REFUEL, description='Random event description'}
[2024-12-30T20:45:02.402974600] [INFO] Tractor is refueled to 100.
[2024-12-30T20:45:02.615021300] [HINT] Event #81
Event{type=FARMER_SLEEP, description='Random event description'}
[2024-12-30T20:45:02.619020700] [INFO] John Doe is too tired from working and goes to sleep.
[2024-12-30T20:45:02.836674300] [HINT] Event #82
Event{type=FARMER_WORK, description='Random event description'}
[2024-12-30T20:45:02.842657] [INFO] John Doe is waking up and starting to work.
[2024-12-30T20:45:03.060740800] [HINT] Event #83
Event{type=TURN_OFF, description='Random event description'}
[2024-12-30T20:45:03.066737400] [INFO] Tractor is already OFF and broken.
[2024-12-30T20:45:03.280562100] [HINT] Event #84
Event{type=HARVEST_CROPS, description='Random event description'}
[2024-12-30T20:45:03.283568500] [INFO] The field was harvested.
[2024-12-30T20:45:03.486594100] [HINT] Event #85
Event{type=PERFORM_ACTION, description='Random event description'}
[2024-12-30T20:45:03.489595400] [INFO] Tractor is broken and cannot perform any actions.
[2024-12-30T20:45:03.694636500] [HINT] Event #86
Event{type=APPLY_PESTICIDE, description='Random event description'}
[2024-12-30T20:45:03.697635400] [INFO] The field is free. No need for applying pesticides.
[2024-12-30T20:45:03.900187300] [HINT] Event #87
Event{type=FARMER_SLEEP, description='Random event description'}
[2024-12-30T20:45:03.907185600] [INFO] John Doe is too tired from working and goes to sleep.
[2024-12-30T20:45:04.123241600] [HINT] Event #88
Event{type=APPLY_PESTICIDE, description='Random event description'}
[2024-12-30T20:45:04.126237500] [INFO] The field is free. No need for applying pesticides.
[2024-12-30T20:45:04.330835200] [HINT] Event #89
Event{type=FARMER_WORK, description='Random event description'}
[2024-12-30T20:45:04.337273] [INFO] John Doe is waking up and starting to work.
[2024-12-30T20:45:04.555351300] [HINT] Event #90
Event{type=REPAIR, description='Random event description'}
[2024-12-30T20:45:04.560332100] [INFO] Tractor is being repaired.
[2024-12-30T20:45:04.774405800] [HINT] Event #91
Event{type=HARVEST_CROPS, description='Random event description'}
[2024-12-30T20:45:04.778393200] [INFO] The field is free. No need for harvesting.
[2024-12-30T20:45:04.996525600] [HINT] Event #92
Event{type=TURN_ON, description='Random event description'}
[2024-12-30T20:45:04.998486200] [INFO] Tractor is repaired and turning ON.
[2024-12-30T20:45:05.202537500] [HINT] Event #93
Event{type=TURN_ON, description='Random event description'}
[2024-12-30T20:45:05.207534800] [INFO] Tractor is already ON.
[2024-12-30T20:45:05.429227100] [HINT] Event #94
Event{type=REFUEL, description='Random event description'}
[2024-12-30T20:45:05.439774300] [INFO] Tractor is refueled to 100.
[2024-12-30T20:45:05.646828500] [HINT] Event #95
Event{type=REFUEL, description='Random event description'}
[2024-12-30T20:45:05.659825900] [INFO] Tractor is refueled to 100.
[2024-12-30T20:45:05.879038600] [HINT] Event #96
Event{type=FARMER_REST, description='Random event description'}
[2024-12-30T20:45:05.882038800] [INFO] John Doe is taking a rest after working.
[2024-12-30T20:45:06.085108700] [HINT] Event #97
Event{type=REFUEL, description='Random event description'}
[2024-12-30T20:45:06.088104800] [INFO] Tractor is refueled to 100.
[2024-12-30T20:45:06.291317] [HINT] Event #98
Event{type=HARVEST_CROPS, description='Random event description'}
[2024-12-30T20:45:06.294307200] [INFO] The field is free. No need for harvesting.
[2024-12-30T20:45:06.496847900] [HINT] Event #99
Event{type=REFUEL, description='Random event description'}
[2024-12-30T20:45:06.499839800] [INFO] Tractor is refueled to 100.
[2024-12-30T20:45:06.715698500] [HINT] Event #100
Event{type=HARVEST_CROPS, description='Random event description'}
[2024-12-30T20:45:06.717693300] [INFO] The field is free. No need for harvesting.
[2024-12-30T20:45:06.932175600] [HINT] Would you like to save the current farm data to a JSON file? (yes/no): 
[2024-12-30T20:45:15.799604400] [INFO] Farm data was not saved.
