[2025-01-12T15:06:25.478413700] [HINT] Would you like to load the farm data from a JSON file? (yes/no): 
[2025-01-12T15:06:34.973886100] [INFO] Enter farm name: 
[2025-01-12T15:06:39.213038400] [HINT] Do you want to add a field? (yes/no): 
[2025-01-12T15:06:42.206664700] [HINT] Do you want to add a farmer? (yes/no): 
[2025-01-12T15:06:44.883965800] [HINT] Do you want to add a building? (yes/no): 
[2025-01-12T15:06:49.675869300] [INFO] Enter building data:
[2025-01-12T15:06:49.680369] [INFO]   Select Building Type:
[2025-01-12T15:06:49.686416100] [INFO]     - BARN (Barn)
[2025-01-12T15:06:49.690435900] [INFO]     - STABLE (Stable)
[2025-01-12T15:06:49.694190700] [INFO]     - GREENHOUSE (Greenhouse)
[2025-01-12T15:06:49.698856300] [INFO]     - WAREHOUSE (Warehouse)
[2025-01-12T15:06:49.700886400] [INFO]     - HOUSE (House)
[2025-01-12T15:06:49.705938300] [INFO]     - WORKSHOP (Workshop)
[2025-01-12T15:06:49.707950700] [INFO]   Type: 
[2025-01-12T15:06:53.887154600] [INFO]   Name: 
[2025-01-12T15:06:56.668608600] [INFO]   Capacity: 
[2025-01-12T15:06:59.373054700] [HINT] Do you want to add a building? (yes/no): 
[2025-01-12T15:07:03.222457500] [INFO] Enter building data:
[2025-01-12T15:07:03.231722400] [INFO]   Select Building Type:
[2025-01-12T15:07:03.233730600] [INFO]     - BARN (Barn)
[2025-01-12T15:07:03.235849900] [INFO]     - STABLE (Stable)
[2025-01-12T15:07:03.239876900] [INFO]     - GREENHOUSE (Greenhouse)
[2025-01-12T15:07:03.243904500] [INFO]     - WAREHOUSE (Warehouse)
[2025-01-12T15:07:03.249947800] [INFO]     - HOUSE (House)
[2025-01-12T15:07:03.251955500] [INFO]     - WORKSHOP (Workshop)
[2025-01-12T15:07:03.253703800] [INFO]   Type: 
[2025-01-12T15:07:07.792166] [INFO]   Name: 
[2025-01-12T15:07:10.687172500] [INFO]   Capacity: 
[2025-01-12T15:07:14.794644200] [HINT] Do you want to add a building? (yes/no): 
[2025-01-12T15:07:18.651896500] [INFO] Enter building data:
[2025-01-12T15:07:18.657917700] [INFO]   Select Building Type:
[2025-01-12T15:07:18.663968] [INFO]     - BARN (Barn)
[2025-01-12T15:07:18.668000100] [INFO]     - STABLE (Stable)
[2025-01-12T15:07:18.671783100] [INFO]     - GREENHOUSE (Greenhouse)
[2025-01-12T15:07:18.675808400] [INFO]     - WAREHOUSE (Warehouse)
[2025-01-12T15:07:18.679834600] [INFO]     - HOUSE (House)
[2025-01-12T15:07:18.681844300] [INFO]     - WORKSHOP (Workshop)
[2025-01-12T15:07:18.685639] [INFO]   Type: 
[2025-01-12T15:07:31.107552800] [INFO]   Name: 
[2025-01-12T15:07:33.172205700] [INFO]   Capacity: 
[2025-01-12T15:07:37.005656400] [HINT] Do you want to add a building? (yes/no): 
[2025-01-12T15:07:40.760134900] [HINT] Do you want to add a equipment? (yes/no): 
[2025-01-12T15:07:44.397657200] [HINT] Do you want to add a animal? (yes/no): 
[2025-01-12T15:07:48.132414500] [INFO] Enter animal data:
[2025-01-12T15:07:48.135932700] [INFO]   Select Animal Type:
[2025-01-12T15:07:48.137945500] [INFO]   Type (cow, chicken, sheep, pig): 
[2025-01-12T15:07:51.921429900] [INFO]   Takes Places: 
[2025-01-12T15:07:55.141861500] [INFO]   Daily Food Intake: 
[2025-01-12T15:08:02.900456300] [HINT] Do you want to add a animal? (yes/no): 
[2025-01-12T15:08:08.165635800] [HINT] Do you want to add a product? (yes/no): 
[2025-01-12T15:08:11.492443600] [INFO] Enter product data:
[2025-01-12T15:08:11.504989500] [INFO]   Select Product Type:
[2025-01-12T15:08:11.510519800] [INFO]     - EGG (egg)
[2025-01-12T15:08:11.514539700] [INFO]     - MEAT (meat)
[2025-01-12T15:08:11.516552] [INFO]     - MILK (milk)
[2025-01-12T15:08:11.518560700] [INFO]     - WOOL (wool)
[2025-01-12T15:08:11.518560700] [INFO]   Type: 
[2025-01-12T15:08:22.403739] [ERROR] Invalid product type. Please choose a valid type from the list.
[2025-01-12T15:08:22.408389700] [INFO]   Select Product Type:
[2025-01-12T15:08:22.412408100] [INFO]     - EGG (egg)
[2025-01-12T15:08:22.414416] [INFO]     - MEAT (meat)
[2025-01-12T15:08:22.420447500] [INFO]     - MILK (milk)
[2025-01-12T15:08:22.424219300] [INFO]     - WOOL (wool)
[2025-01-12T15:08:22.438067900] [INFO]   Type: 
[2025-01-12T15:08:28.140441400] [INFO]   Product Name: 
[2025-01-12T15:08:33.590996700] [INFO]   Price: 
[2025-01-12T15:08:37.574337100] [INFO]   Weight: 
[2025-01-12T15:08:40.471253] [HINT] Do you want to add a product? (yes/no): 
[2025-01-12T15:08:43.699648900] [HINT] Farm created successfully: 
[2025-01-12T15:08:43.763325500] [HINT] Farm: nzme
|-- Fields
|-- Farmers
|-- Buildings
|    - Building Details:
-----------------
Name: house
Type: House
Capacity: 200
Current Usage: 0

|    - Building Details:
-----------------
Name: bbb
Type: Barn
Capacity: 200
Current Usage: 0

|    - Building Details:
-----------------
Name: 12
Type: Greenhouse
Capacity: 333333
Current Usage: 0

|-- Equipments
|-- Animals
|    - Animal{type='cow', takesPlaces=4, dailyFoodIntake=5}
|-- Products
|    - Product{name='egname', price=12.0, weight=30, productType=egg}
|-- Product Price: 12.0

[2025-01-12T15:08:43.971178800] [HINT] Farm name: nzme
[2025-01-12T15:08:43.973195800] [HINT] Observers have been added to the subjects.
[2025-01-12T15:08:44.178783300] [HINT] 
Processing random events...
[2025-01-12T15:08:44.424301] [HINT] Event #1
Event{type=FARMER_SLEEP, description='Random event description'}
[2025-01-12T15:08:44.424301] [INFO] Unhandled event: Event{type=FARMER_SLEEP, description='Random event description'} - no handler found
[2025-01-12T15:08:44.648064900] [HINT] Event #2
Event{type=APPLY_PESTICIDE, description='Random event description'}
[2025-01-12T15:08:44.650083100] [INFO] Unhandled event: Event{type=APPLY_PESTICIDE, description='Random event description'} - no handler found
[2025-01-12T15:08:44.855972200] [HINT] Event #3
Event{type=PERFORM_ACTION, description='Random event description'}
[2025-01-12T15:08:44.855972200] [INFO] Unhandled event: Event{type=PERFORM_ACTION, description='Random event description'} - no handler found
[2025-01-12T15:08:45.065522300] [HINT] Event #4
Event{type=REFUEL, description='Random event description'}
[2025-01-12T15:08:45.069127500] [INFO] Unhandled event: Event{type=REFUEL, description='Random event description'} - no handler found
[2025-01-12T15:08:45.272644900] [HINT] Event #5
Event{type=PERFORM_ACTION, description='Random event description'}
[2025-01-12T15:08:45.274825200] [INFO] Unhandled event: Event{type=PERFORM_ACTION, description='Random event description'} - no handler found
[2025-01-12T15:08:45.494302900] [HINT] Event #6
Event{type=PERFORM_ACTION, description='Random event description'}
[2025-01-12T15:08:45.496642900] [INFO] Unhandled event: Event{type=PERFORM_ACTION, description='Random event description'} - no handler found
[2025-01-12T15:08:45.701503400] [HINT] Event #7
Event{type=HARVEST_CROPS, description='Random event description'}
[2025-01-12T15:08:45.701503400] [INFO] Unhandled event: Event{type=HARVEST_CROPS, description='Random event description'} - no handler found
[2025-01-12T15:08:45.909025300] [HINT] Event #8
Event{type=FARMER_WORK, description='Random event description'}
[2025-01-12T15:08:45.909025300] [INFO] Unhandled event: Event{type=FARMER_WORK, description='Random event description'} - no handler found
[2025-01-12T15:08:46.116986400] [HINT] Event #9
Event{type=FARMER_REST, description='Random event description'}
[2025-01-12T15:08:46.119093100] [INFO] Unhandled event: Event{type=FARMER_REST, description='Random event description'} - no handler found
[2025-01-12T15:08:46.322953] [HINT] Event #10
Event{type=BREAK_DOWN, description='Random event description'}
[2025-01-12T15:08:46.322953] [INFO] Unhandled event: Event{type=BREAK_DOWN, description='Random event description'} - no handler found
[2025-01-12T15:08:46.546686400] [HINT] Event #11
Event{type=FARMER_WORK, description='Random event description'}
[2025-01-12T15:08:46.548703200] [INFO] Unhandled event: Event{type=FARMER_WORK, description='Random event description'} - no handler found
[2025-01-12T15:08:46.755721700] [HINT] Event #12
Event{type=REPAIR, description='Random event description'}
[2025-01-12T15:08:46.760540200] [INFO] Unhandled event: Event{type=REPAIR, description='Random event description'} - no handler found
[2025-01-12T15:08:46.966571800] [HINT] Event #13
Event{type=FARMER_REST, description='Random event description'}
[2025-01-12T15:08:46.966571800] [INFO] Unhandled event: Event{type=FARMER_REST, description='Random event description'} - no handler found
[2025-01-12T15:08:47.175070200] [HINT] Event #14
Event{type=APPLY_PESTICIDE, description='Random event description'}
[2025-01-12T15:08:47.175070200] [INFO] Unhandled event: Event{type=APPLY_PESTICIDE, description='Random event description'} - no handler found
[2025-01-12T15:08:47.383377500] [HINT] Event #15
Event{type=TURN_ON, description='Random event description'}
[2025-01-12T15:08:47.383377500] [INFO] Unhandled event: Event{type=TURN_ON, description='Random event description'} - no handler found
[2025-01-12T15:08:47.592374800] [HINT] Event #16
Event{type=REFUEL, description='Random event description'}
[2025-01-12T15:08:47.592374800] [INFO] Unhandled event: Event{type=REFUEL, description='Random event description'} - no handler found
[2025-01-12T15:08:47.801046700] [HINT] Event #17
Event{type=BREAK_DOWN, description='Random event description'}
[2025-01-12T15:08:47.806817100] [INFO] Unhandled event: Event{type=BREAK_DOWN, description='Random event description'} - no handler found
[2025-01-12T15:08:48.011912100] [HINT] Event #18
Event{type=REPAIR, description='Random event description'}
[2025-01-12T15:08:48.011912100] [INFO] Unhandled event: Event{type=REPAIR, description='Random event description'} - no handler found
[2025-01-12T15:08:48.220125300] [HINT] Event #19
Event{type=TURN_OFF, description='Random event description'}
[2025-01-12T15:08:48.226178200] [INFO] Unhandled event: Event{type=TURN_OFF, description='Random event description'} - no handler found
[2025-01-12T15:08:48.444011700] [HINT] Event #20
Event{type=FARMER_WORK, description='Random event description'}
[2025-01-12T15:08:48.444011700] [INFO] Unhandled event: Event{type=FARMER_WORK, description='Random event description'} - no handler found
[2025-01-12T15:08:48.650822400] [HINT] Event #21
Event{type=FARMER_REST, description='Random event description'}
[2025-01-12T15:08:48.650822400] [INFO] Unhandled event: Event{type=FARMER_REST, description='Random event description'} - no handler found
[2025-01-12T15:08:48.858001600] [HINT] Event #22
Event{type=TURN_OFF, description='Random event description'}
[2025-01-12T15:08:48.858001600] [INFO] Unhandled event: Event{type=TURN_OFF, description='Random event description'} - no handler found
[2025-01-12T15:08:49.067474300] [HINT] Event #23
Event{type=BREAK_DOWN, description='Random event description'}
[2025-01-12T15:08:49.070824400] [INFO] Unhandled event: Event{type=BREAK_DOWN, description='Random event description'} - no handler found
[2025-01-12T15:08:49.277006200] [HINT] Event #24
Event{type=HARVEST_CROPS, description='Random event description'}
[2025-01-12T15:08:49.277006200] [INFO] Unhandled event: Event{type=HARVEST_CROPS, description='Random event description'} - no handler found
[2025-01-12T15:08:49.485032800] [HINT] Event #25
Event{type=PERFORM_ACTION, description='Random event description'}
[2025-01-12T15:08:49.493094400] [INFO] Unhandled event: Event{type=PERFORM_ACTION, description='Random event description'} - no handler found
[2025-01-12T15:08:49.708700100] [HINT] Event #26
Event{type=FARMER_WORK, description='Random event description'}
[2025-01-12T15:08:49.708700100] [INFO] Unhandled event: Event{type=FARMER_WORK, description='Random event description'} - no handler found
[2025-01-12T15:08:49.917169400] [HINT] Event #27
Event{type=APPLY_PESTICIDE, description='Random event description'}
[2025-01-12T15:08:49.921401800] [INFO] Unhandled event: Event{type=APPLY_PESTICIDE, description='Random event description'} - no handler found
[2025-01-12T15:08:50.124549100] [HINT] Event #28
Event{type=TURN_ON, description='Random event description'}
[2025-01-12T15:08:50.124549100] [INFO] Unhandled event: Event{type=TURN_ON, description='Random event description'} - no handler found
[2025-01-12T15:08:50.333457700] [HINT] Event #29
Event{type=FARMER_SLEEP, description='Random event description'}
[2025-01-12T15:08:50.338066800] [INFO] Unhandled event: Event{type=FARMER_SLEEP, description='Random event description'} - no handler found
[2025-01-12T15:08:50.543994400] [HINT] Event #30
Event{type=TURN_OFF, description='Random event description'}
[2025-01-12T15:08:50.546635200] [INFO] Unhandled event: Event{type=TURN_OFF, description='Random event description'} - no handler found
[2025-01-12T15:08:50.754133300] [HINT] Event #31
Event{type=REFUEL, description='Random event description'}
[2025-01-12T15:08:50.756160500] [INFO] Unhandled event: Event{type=REFUEL, description='Random event description'} - no handler found
[2025-01-12T15:08:50.965252200] [HINT] Event #32
Event{type=PERFORM_ACTION, description='Random event description'}
[2025-01-12T15:08:50.967272700] [INFO] Unhandled event: Event{type=PERFORM_ACTION, description='Random event description'} - no handler found
[2025-01-12T15:08:51.172680300] [HINT] Event #33
Event{type=TURN_OFF, description='Random event description'}
[2025-01-12T15:08:51.172680300] [INFO] Unhandled event: Event{type=TURN_OFF, description='Random event description'} - no handler found
[2025-01-12T15:08:51.380442600] [HINT] Event #34
Event{type=FARMER_WORK, description='Random event description'}
[2025-01-12T15:08:51.386483] [INFO] Unhandled event: Event{type=FARMER_WORK, description='Random event description'} - no handler found
[2025-01-12T15:08:51.590343700] [HINT] Event #35
Event{type=FARMER_SLEEP, description='Random event description'}
[2025-01-12T15:08:51.590343700] [INFO] Unhandled event: Event{type=FARMER_SLEEP, description='Random event description'} - no handler found
[2025-01-12T15:08:51.798369700] [HINT] Event #36
Event{type=HARVEST_CROPS, description='Random event description'}
[2025-01-12T15:08:51.800402700] [INFO] Unhandled event: Event{type=HARVEST_CROPS, description='Random event description'} - no handler found
[2025-01-12T15:08:52.008549800] [HINT] Event #37
Event{type=FARMER_SLEEP, description='Random event description'}
[2025-01-12T15:08:52.008549800] [INFO] Unhandled event: Event{type=FARMER_SLEEP, description='Random event description'} - no handler found
[2025-01-12T15:08:52.222059100] [HINT] Event #38
Event{type=REFUEL, description='Random event description'}
[2025-01-12T15:08:52.224078600] [INFO] Unhandled event: Event{type=REFUEL, description='Random event description'} - no handler found
[2025-01-12T15:08:52.444221400] [HINT] Event #39
Event{type=REPAIR, description='Random event description'}
[2025-01-12T15:08:52.444221400] [INFO] Unhandled event: Event{type=REPAIR, description='Random event description'} - no handler found
[2025-01-12T15:08:52.653261900] [HINT] Event #40
Event{type=FARMER_WORK, description='Random event description'}
[2025-01-12T15:08:52.653261900] [INFO] Unhandled event: Event{type=FARMER_WORK, description='Random event description'} - no handler found
[2025-01-12T15:08:52.860664100] [HINT] Event #41
Event{type=PERFORM_ACTION, description='Random event description'}
[2025-01-12T15:08:52.862688700] [INFO] Unhandled event: Event{type=PERFORM_ACTION, description='Random event description'} - no handler found
[2025-01-12T15:08:53.068526500] [HINT] Event #42
Event{type=FARMER_SLEEP, description='Random event description'}
[2025-01-12T15:08:53.068526500] [INFO] Unhandled event: Event{type=FARMER_SLEEP, description='Random event description'} - no handler found
[2025-01-12T15:08:53.276772700] [HINT] Event #43
Event{type=TURN_ON, description='Random event description'}
[2025-01-12T15:08:53.281747] [INFO] Unhandled event: Event{type=TURN_ON, description='Random event description'} - no handler found
[2025-01-12T15:08:53.485815500] [HINT] Event #44
Event{type=PERFORM_ACTION, description='Random event description'}
[2025-01-12T15:08:53.485815500] [INFO] Unhandled event: Event{type=PERFORM_ACTION, description='Random event description'} - no handler found
[2025-01-12T15:08:53.693673600] [HINT] Event #45
Event{type=FARMER_WORK, description='Random event description'}
[2025-01-12T15:08:53.693673600] [INFO] Unhandled event: Event{type=FARMER_WORK, description='Random event description'} - no handler found
[2025-01-12T15:08:53.901406500] [HINT] Event #46
Event{type=REPAIR, description='Random event description'}
[2025-01-12T15:08:53.903425900] [INFO] Unhandled event: Event{type=REPAIR, description='Random event description'} - no handler found
[2025-01-12T15:08:54.109720700] [HINT] Event #47
Event{type=TURN_ON, description='Random event description'}
[2025-01-12T15:08:54.112888400] [INFO] Unhandled event: Event{type=TURN_ON, description='Random event description'} - no handler found
[2025-01-12T15:08:54.318813] [HINT] Event #48
Event{type=HARVEST_CROPS, description='Random event description'}
[2025-01-12T15:08:54.318813] [INFO] Unhandled event: Event{type=HARVEST_CROPS, description='Random event description'} - no handler found
[2025-01-12T15:08:54.526551900] [HINT] Event #49
Event{type=FARMER_SLEEP, description='Random event description'}
[2025-01-12T15:08:54.526551900] [INFO] Unhandled event: Event{type=FARMER_SLEEP, description='Random event description'} - no handler found
[2025-01-12T15:08:54.733749700] [HINT] Event #50
Event{type=APPLY_PESTICIDE, description='Random event description'}
[2025-01-12T15:08:54.733749700] [INFO] Unhandled event: Event{type=APPLY_PESTICIDE, description='Random event description'} - no handler found
[2025-01-12T15:08:54.942682100] [HINT] Event #51
Event{type=HARVEST_CROPS, description='Random event description'}
[2025-01-12T15:08:54.942682100] [INFO] Unhandled event: Event{type=HARVEST_CROPS, description='Random event description'} - no handler found
[2025-01-12T15:08:55.151410500] [HINT] Event #52
Event{type=TURN_ON, description='Random event description'}
[2025-01-12T15:08:55.153430300] [INFO] Unhandled event: Event{type=TURN_ON, description='Random event description'} - no handler found
[2025-01-12T15:08:55.360162] [HINT] Event #53
Event{type=TURN_ON, description='Random event description'}
[2025-01-12T15:08:55.365080200] [INFO] Unhandled event: Event{type=TURN_ON, description='Random event description'} - no handler found
[2025-01-12T15:08:55.568912700] [HINT] Event #54
Event{type=TURN_OFF, description='Random event description'}
[2025-01-12T15:08:55.570942] [INFO] Unhandled event: Event{type=TURN_OFF, description='Random event description'} - no handler found
[2025-01-12T15:08:55.777018600] [HINT] Event #55
Event{type=REFUEL, description='Random event description'}
[2025-01-12T15:08:55.777018600] [INFO] Unhandled event: Event{type=REFUEL, description='Random event description'} - no handler found
[2025-01-12T15:08:55.984769200] [HINT] Event #56
Event{type=FARMER_SLEEP, description='Random event description'}
[2025-01-12T15:08:55.989101800] [INFO] Unhandled event: Event{type=FARMER_SLEEP, description='Random event description'} - no handler found
[2025-01-12T15:08:56.192746100] [HINT] Event #57
Event{type=FARMER_WORK, description='Random event description'}
[2025-01-12T15:08:56.194755600] [INFO] Unhandled event: Event{type=FARMER_WORK, description='Random event description'} - no handler found
[2025-01-12T15:08:56.400966900] [HINT] Event #58
Event{type=FARMER_REST, description='Random event description'}
[2025-01-12T15:08:56.402985900] [INFO] Unhandled event: Event{type=FARMER_REST, description='Random event description'} - no handler found
[2025-01-12T15:08:56.609034700] [HINT] Event #59
Event{type=BREAK_DOWN, description='Random event description'}
[2025-01-12T15:08:56.609034700] [INFO] Unhandled event: Event{type=BREAK_DOWN, description='Random event description'} - no handler found
[2025-01-12T15:08:56.816229200] [HINT] Event #60
Event{type=FARMER_REST, description='Random event description'}
[2025-01-12T15:08:56.820599200] [INFO] Unhandled event: Event{type=FARMER_REST, description='Random event description'} - no handler found
[2025-01-12T15:08:57.025179700] [HINT] Event #61
Event{type=TURN_ON, description='Random event description'}
[2025-01-12T15:08:57.027405800] [INFO] Unhandled event: Event{type=TURN_ON, description='Random event description'} - no handler found
[2025-01-12T15:08:57.232911200] [HINT] Event #62
Event{type=TURN_OFF, description='Random event description'}
[2025-01-12T15:08:57.238162] [INFO] Unhandled event: Event{type=TURN_OFF, description='Random event description'} - no handler found
[2025-01-12T15:08:57.442047400] [HINT] Event #63
Event{type=REPAIR, description='Random event description'}
[2025-01-12T15:08:57.444065900] [INFO] Unhandled event: Event{type=REPAIR, description='Random event description'} - no handler found
[2025-01-12T15:08:57.650657100] [HINT] Event #64
Event{type=TURN_OFF, description='Random event description'}
[2025-01-12T15:08:57.652675600] [INFO] Unhandled event: Event{type=TURN_OFF, description='Random event description'} - no handler found
[2025-01-12T15:08:57.859504400] [HINT] Event #65
Event{type=FARMER_SLEEP, description='Random event description'}
[2025-01-12T15:08:57.859504400] [INFO] Unhandled event: Event{type=FARMER_SLEEP, description='Random event description'} - no handler found
[2025-01-12T15:08:58.068458500] [HINT] Event #66
Event{type=REFUEL, description='Random event description'}
[2025-01-12T15:08:58.068458500] [INFO] Unhandled event: Event{type=REFUEL, description='Random event description'} - no handler found
[2025-01-12T15:08:58.277300100] [HINT] Event #67
Event{type=REPAIR, description='Random event description'}
[2025-01-12T15:08:58.277300100] [INFO] Unhandled event: Event{type=REPAIR, description='Random event description'} - no handler found
[2025-01-12T15:08:58.485664] [HINT] Event #68
Event{type=BREAK_DOWN, description='Random event description'}
[2025-01-12T15:08:58.490210100] [INFO] Unhandled event: Event{type=BREAK_DOWN, description='Random event description'} - no handler found
[2025-01-12T15:08:58.695053900] [HINT] Event #69
Event{type=BREAK_DOWN, description='Random event description'}
[2025-01-12T15:08:58.697073200] [INFO] Unhandled event: Event{type=BREAK_DOWN, description='Random event description'} - no handler found
[2025-01-12T15:08:58.918451] [HINT] Event #70
Event{type=REFUEL, description='Random event description'}
[2025-01-12T15:08:58.918451] [INFO] Unhandled event: Event{type=REFUEL, description='Random event description'} - no handler found
[2025-01-12T15:08:59.127214800] [HINT] Event #71
Event{type=FARMER_WORK, description='Random event description'}
[2025-01-12T15:08:59.127214800] [INFO] Unhandled event: Event{type=FARMER_WORK, description='Random event description'} - no handler found
[2025-01-12T15:08:59.335177300] [HINT] Event #72
Event{type=TURN_ON, description='Random event description'}
[2025-01-12T15:08:59.340268200] [INFO] Unhandled event: Event{type=TURN_ON, description='Random event description'} - no handler found
[2025-01-12T15:08:59.548720400] [HINT] Event #73
Event{type=PERFORM_ACTION, description='Random event description'}
[2025-01-12T15:08:59.548720400] [INFO] Unhandled event: Event{type=PERFORM_ACTION, description='Random event description'} - no handler found
[2025-01-12T15:08:59.757368600] [HINT] Event #74
Event{type=APPLY_PESTICIDE, description='Random event description'}
[2025-01-12T15:08:59.759389100] [INFO] Unhandled event: Event{type=APPLY_PESTICIDE, description='Random event description'} - no handler found
[2025-01-12T15:08:59.965260600] [HINT] Event #75
Event{type=TURN_ON, description='Random event description'}
[2025-01-12T15:08:59.965260600] [INFO] Unhandled event: Event{type=TURN_ON, description='Random event description'} - no handler found
[2025-01-12T15:09:00.174215] [HINT] Event #76
Event{type=FARMER_WORK, description='Random event description'}
[2025-01-12T15:09:00.174215] [INFO] Unhandled event: Event{type=FARMER_WORK, description='Random event description'} - no handler found
[2025-01-12T15:09:00.388558800] [HINT] Event #77
Event{type=PERFORM_ACTION, description='Random event description'}
[2025-01-12T15:09:00.388558800] [INFO] Unhandled event: Event{type=PERFORM_ACTION, description='Random event description'} - no handler found
[2025-01-12T15:09:00.596942500] [HINT] Event #78
Event{type=REPAIR, description='Random event description'}
[2025-01-12T15:09:00.598965700] [INFO] Unhandled event: Event{type=REPAIR, description='Random event description'} - no handler found
[2025-01-12T15:09:00.805217400] [HINT] Event #79
Event{type=APPLY_PESTICIDE, description='Random event description'}
[2025-01-12T15:09:00.807233400] [INFO] Unhandled event: Event{type=APPLY_PESTICIDE, description='Random event description'} - no handler found
[2025-01-12T15:09:01.013309900] [HINT] Event #80
Event{type=PLANT_CROPS, description='Random event description'}
[2025-01-12T15:09:01.015317500] [INFO] Unhandled event: Event{type=PLANT_CROPS, description='Random event description'} - no handler found
[2025-01-12T15:09:01.220910] [HINT] Event #81
Event{type=REFUEL, description='Random event description'}
[2025-01-12T15:09:01.222918900] [INFO] Unhandled event: Event{type=REFUEL, description='Random event description'} - no handler found
[2025-01-12T15:09:01.428977500] [HINT] Event #82
Event{type=TURN_OFF, description='Random event description'}
[2025-01-12T15:09:01.430994400] [INFO] Unhandled event: Event{type=TURN_OFF, description='Random event description'} - no handler found
[2025-01-12T15:09:01.638178900] [HINT] Event #83
Event{type=TURN_OFF, description='Random event description'}
[2025-01-12T15:09:01.638178900] [INFO] Unhandled event: Event{type=TURN_OFF, description='Random event description'} - no handler found
[2025-01-12T15:09:01.846963500] [HINT] Event #84
Event{type=REPAIR, description='Random event description'}
[2025-01-12T15:09:01.846963500] [INFO] Unhandled event: Event{type=REPAIR, description='Random event description'} - no handler found
[2025-01-12T15:09:02.054697600] [HINT] Event #85
Event{type=TURN_OFF, description='Random event description'}
[2025-01-12T15:09:02.057202900] [INFO] Unhandled event: Event{type=TURN_OFF, description='Random event description'} - no handler found
[2025-01-12T15:09:02.267750600] [HINT] Event #86
Event{type=PLANT_CROPS, description='Random event description'}
[2025-01-12T15:09:02.270751800] [INFO] Unhandled event: Event{type=PLANT_CROPS, description='Random event description'} - no handler found
[2025-01-12T15:09:02.477997800] [HINT] Event #87
Event{type=FARMER_WORK, description='Random event description'}
[2025-01-12T15:09:02.477997800] [INFO] Unhandled event: Event{type=FARMER_WORK, description='Random event description'} - no handler found
[2025-01-12T15:09:02.687484600] [HINT] Event #88
Event{type=REPAIR, description='Random event description'}
[2025-01-12T15:09:02.689713] [INFO] Unhandled event: Event{type=REPAIR, description='Random event description'} - no handler found
[2025-01-12T15:09:02.897020800] [HINT] Event #89
Event{type=FARMER_WORK, description='Random event description'}
[2025-01-12T15:09:02.899982] [INFO] Unhandled event: Event{type=FARMER_WORK, description='Random event description'} - no handler found
[2025-01-12T15:09:03.105880700] [HINT] Event #90
Event{type=FARMER_WORK, description='Random event description'}
[2025-01-12T15:09:03.110462] [INFO] Unhandled event: Event{type=FARMER_WORK, description='Random event description'} - no handler found
[2025-01-12T15:09:03.328794100] [HINT] Event #91
Event{type=FARMER_WORK, description='Random event description'}
[2025-01-12T15:09:03.328794100] [INFO] Unhandled event: Event{type=FARMER_WORK, description='Random event description'} - no handler found
[2025-01-12T15:09:03.536074600] [HINT] Event #92
Event{type=PERFORM_ACTION, description='Random event description'}
[2025-01-12T15:09:03.540473500] [INFO] Unhandled event: Event{type=PERFORM_ACTION, description='Random event description'} - no handler found
[2025-01-12T15:09:03.744219900] [HINT] Event #93
Event{type=REFUEL, description='Random event description'}
[2025-01-12T15:09:03.749680700] [INFO] Unhandled event: Event{type=REFUEL, description='Random event description'} - no handler found
[2025-01-12T15:09:03.953356600] [HINT] Event #94
Event{type=REPAIR, description='Random event description'}
[2025-01-12T15:09:03.953356600] [INFO] Unhandled event: Event{type=REPAIR, description='Random event description'} - no handler found
[2025-01-12T15:09:04.161660400] [HINT] Event #95
Event{type=REPAIR, description='Random event description'}
[2025-01-12T15:09:04.163686400] [INFO] Unhandled event: Event{type=REPAIR, description='Random event description'} - no handler found
[2025-01-12T15:09:04.370116200] [HINT] Event #96
Event{type=HARVEST_CROPS, description='Random event description'}
[2025-01-12T15:09:04.370116200] [INFO] Unhandled event: Event{type=HARVEST_CROPS, description='Random event description'} - no handler found
[2025-01-12T15:09:04.578386300] [HINT] Event #97
Event{type=HARVEST_CROPS, description='Random event description'}
[2025-01-12T15:09:04.580406400] [INFO] Unhandled event: Event{type=HARVEST_CROPS, description='Random event description'} - no handler found
[2025-01-12T15:09:04.785687200] [HINT] Event #98
Event{type=FARMER_REST, description='Random event description'}
[2025-01-12T15:09:04.785687200] [INFO] Unhandled event: Event{type=FARMER_REST, description='Random event description'} - no handler found
[2025-01-12T15:09:04.993952800] [HINT] Event #99
Event{type=FARMER_SLEEP, description='Random event description'}
[2025-01-12T15:09:04.993952800] [INFO] Unhandled event: Event{type=FARMER_SLEEP, description='Random event description'} - no handler found
[2025-01-12T15:09:05.203089600] [HINT] Event #100
Event{type=REPAIR, description='Random event description'}
[2025-01-12T15:09:05.203089600] [INFO] Unhandled event: Event{type=REPAIR, description='Random event description'} - no handler found
[2025-01-12T15:09:05.410737] [HINT] Would you like to save the current farm data to a JSON file? (yes/no): 
[2025-01-12T15:09:08.799494100] [HINT] Enter the file name to save (e.g., config_1.json): 
[2025-01-12T15:09:22.390890] [INFO] Farm configuration saved successfully to src/main/resources/test_config.json
