[2025-01-12T15:22:36.967736400] [HINT] Would you like to load the farm data from a JSON file? (yes/no): 
[2025-01-12T15:22:40.271407] [INFO] Enter farm name: 
[2025-01-12T15:22:43.227643100] [HINT] Do you want to add a field? (yes/no): 
[2025-01-12T15:22:44.772750200] [HINT] Do you want to add a farmer? (yes/no): 
[2025-01-12T15:22:45.459701200] [HINT] Do you want to add a building? (yes/no): 
[2025-01-12T15:22:46.281640300] [HINT] Do you want to add a equipment? (yes/no): 
[2025-01-12T15:22:47.295385] [HINT] Do you want to add a animal? (yes/no): 
[2025-01-12T15:22:48.647527300] [HINT] Do you want to add a product? (yes/no): 
[2025-01-12T15:22:51.380269200] [INFO] Enter product data:
[2025-01-12T15:22:51.380269200] [INFO]   Select Product Type:
[2025-01-12T15:22:51.380269200] [INFO]     - EGG (egg)
[2025-01-12T15:22:51.380269200] [INFO]     - MEAT (meat)
[2025-01-12T15:22:51.380269200] [INFO]     - MILK (milk)
[2025-01-12T15:22:51.397555100] [INFO]     - WOOL (wool)
[2025-01-12T15:22:51.397555100] [INFO]   Type: 
[2025-01-12T15:22:54.273366300] [INFO]   Product Name: 
[2025-01-12T15:23:01.327759100] [INFO]   Price: 
[2025-01-12T15:23:04.886659400] [INFO]   Weight: 
[2025-01-12T15:23:10.372409500] [HINT] Do you want to add a product? (yes/no): 
[2025-01-12T15:23:13.596993600] [INFO] Enter product data:
[2025-01-12T15:23:13.603345300] [INFO]   Select Product Type:
[2025-01-12T15:23:13.607398400] [INFO]     - EGG (egg)
[2025-01-12T15:23:13.610939100] [INFO]     - MEAT (meat)
[2025-01-12T15:23:13.617001400] [INFO]     - MILK (milk)
[2025-01-12T15:23:13.621033700] [INFO]     - WOOL (wool)
[2025-01-12T15:23:13.623048100] [INFO]   Type: 
[2025-01-12T15:23:17.554744100] [INFO]   Product Name: 
[2025-01-12T15:23:22.472119400] [INFO]   Price: 
[2025-01-12T15:23:27.742838800] [INFO]   Weight: 
