[2025-01-11T20:36:14.963430800] [HINT] Would you like to load the farm data from a JSON file? (yes/no): 
[2025-01-11T20:36:20.334718700] [INFO] Enter farm name: 
[2025-01-11T20:36:26.112178700] [HINT] Do you want to add a field? (yes/no): 
[2025-01-11T20:36:32.522458600] [INFO] Enter field data:
[2025-01-11T20:36:32.537837500] [INFO]   Crop type: 
[2025-01-11T20:36:44.897949100] [INFO]   Field size: 
[2025-01-11T20:36:51.335656300] [HINT] Do you want to add a field? (yes/no): 
[2025-01-11T20:36:56.126540400] [HINT] Do you want to add a farmer? (yes/no): 
[2025-01-11T20:37:00.230301400] [INFO] Enter farmer data:
[2025-01-11T20:37:00.234887500] [INFO]   Name: 
[2025-01-11T20:37:02.856413600] [INFO]   Age: 
[2025-01-11T20:37:08.340044700] [HINT] Do you want to add a farmer? (yes/no): 
[2025-01-11T20:37:11.338341500] [HINT] Do you want to add a building? (yes/no): 
[2025-01-11T20:37:15.116443100] [INFO] Enter building data:
[2025-01-11T20:37:15.132185200] [INFO]   Select Building Type:
[2025-01-11T20:37:15.132185200] [INFO]     - BARN (Barn)
[2025-01-11T20:37:15.139625800] [INFO]     - STABLE (Stable)
[2025-01-11T20:37:15.141639900] [INFO]     - GREENHOUSE (Greenhouse)
[2025-01-11T20:37:15.141639900] [INFO]     - WAREHOUSE (Warehouse)
[2025-01-11T20:37:15.147878800] [INFO]     - HOUSE (House)
[2025-01-11T20:37:15.147878800] [INFO]     - WORKSHOP (Workshop)
[2025-01-11T20:37:15.147878800] [INFO]   Type: 
[2025-01-11T20:37:29.481462700] [INFO]   Name: 
[2025-01-11T20:37:35.236270] [INFO]   Capacity: 
[2025-01-11T20:37:38.506769800] [HINT] Do you want to add a building? (yes/no): 
[2025-01-11T20:37:42.304686200] [INFO] Enter building data:
[2025-01-11T20:37:42.311259100] [INFO]   Select Building Type:
[2025-01-11T20:37:42.314717900] [INFO]     - BARN (Barn)
[2025-01-11T20:37:42.316728200] [INFO]     - STABLE (Stable)
[2025-01-11T20:37:42.318738800] [INFO]     - GREENHOUSE (Greenhouse)
[2025-01-11T20:37:42.320492800] [INFO]     - WAREHOUSE (Warehouse)
[2025-01-11T20:37:42.320492800] [INFO]     - HOUSE (House)
[2025-01-11T20:37:42.320492800] [INFO]     - WORKSHOP (Workshop)
[2025-01-11T20:37:42.320492800] [INFO]   Type: 
[2025-01-11T20:37:51.747173700] [INFO]   Name: 
[2025-01-11T20:37:55.661266300] [INFO]   Capacity: 
[2025-01-11T20:37:58.231581900] [ERROR] Invalid number format. Please enter a valid integer.
[2025-01-11T20:37:58.237041600] [INFO]   Capacity: 
[2025-01-11T20:38:01.210250300] [HINT] Do you want to add a building? (yes/no): 
[2025-01-11T20:38:04.618961300] [HINT] Do you want to add a equipment? (yes/no): 
[2025-01-11T20:38:07.334028400] [HINT] Do you want to add a animal? (yes/no): 
[2025-01-11T20:38:10.942128] [INFO] Enter animal data:
[2025-01-11T20:38:10.944136400] [INFO]   Select Animal Type:
[2025-01-11T20:38:10.947052200] [INFO]   Type (cow, chicken, sheep, pig): 
[2025-01-11T20:38:16.403547100] [INFO]   Takes Places: 
[2025-01-11T20:38:24.307414200] [ERROR] Invalid number format. Please enter a valid integer.
[2025-01-11T20:38:24.309172900] [INFO]   Takes Places: 
[2025-01-11T20:38:29.361277200] [INFO]   Daily Food Intake: 
[2025-01-11T20:38:32.699079100] [HINT] Do you want to add a animal? (yes/no): 
[2025-01-11T20:38:36.600985800] [HINT] Do you want to add a product? (yes/no): 
[2025-01-11T20:38:40.518210600] [HINT] Farm created successfully: 
[2025-01-11T20:38:40.549929900] [HINT] Farm: Vazgen
|-- Fields
|    - Field{cropType='fasd', fieldSize=12, state=FreeState}
|-- Farmers
|    - Farmer{name='Vazgen', age=20, currentState=WorkingState}
|-- Buildings
|    - Building Details:
-----------------
Name: bbbbb
Type: Barn
Capacity: 1000
Current Usage: 0

|    - Building Details:
-----------------
Name: name
Type: House
Capacity: 14
Current Usage: 0

|-- Equipments
|-- Animals
|    - Animal{type='pig', takesPlaces=3, dailyFoodIntake=4}
|-- Products
|-- Product Price: 0.0

[2025-01-11T20:38:40.772404300] [HINT] Farm name: Vazgen
[2025-01-11T20:38:40.777387300] [HINT] Observers have been added to the subjects.
[2025-01-11T20:38:40.993935400] [HINT] 
Processing random events...
[2025-01-11T20:38:41.218434500] [HINT] Event #1
Event{type=PERFORM_ACTION, description='Random event description'}
[2025-01-11T20:38:41.430473400] [HINT] Event #2
Event{type=HARVEST_CROPS, description='Random event description'}
[2025-01-11T20:38:41.433481100] [INFO] The field is free. No need for harvesting.
[2025-01-11T20:38:41.647219400] [HINT] Event #3
Event{type=FARMER_REST, description='Random event description'}
[2025-01-11T20:38:41.649237400] [INFO] Vazgen is taking a rest after working.
[2025-01-11T20:38:41.856958900] [HINT] Event #4
Event{type=REFUEL, description='Random event description'}
[2025-01-11T20:38:42.087620700] [HINT] Event #5
Event{type=TURN_ON, description='Random event description'}
[2025-01-11T20:38:42.304193500] [HINT] Event #6
Event{type=BREAK_DOWN, description='Random event description'}
[2025-01-11T20:38:42.519926400] [HINT] Event #7
Event{type=PLANT_CROPS, description='Random event description'}
[2025-01-11T20:38:42.531116700] [INFO] The field is now planted.
[2025-01-11T20:38:42.741064100] [HINT] Event #8
Event{type=BREAK_DOWN, description='Random event description'}
[2025-01-11T20:38:42.944464700] [HINT] Event #9
Event{type=APPLY_PESTICIDE, description='Random event description'}
[2025-01-11T20:38:42.953122600] [INFO] The field is now ready for applying pesticides.
[2025-01-11T20:38:43.179239800] [HINT] Event #10
Event{type=TURN_OFF, description='Random event description'}
[2025-01-11T20:38:43.397304900] [HINT] Event #11
Event{type=HARVEST_CROPS, description='Random event description'}
[2025-01-11T20:38:43.402345800] [INFO] The field with pesticides is not ready for harvesting.
[2025-01-11T20:38:43.615895400] [HINT] Event #12
Event{type=REFUEL, description='Random event description'}
[2025-01-11T20:38:43.822027600] [HINT] Event #13
Event{type=TURN_ON, description='Random event description'}
[2025-01-11T20:38:44.053988500] [HINT] Event #14
Event{type=REFUEL, description='Random event description'}
[2025-01-11T20:38:44.272449600] [HINT] Event #15
Event{type=FARMER_SLEEP, description='Random event description'}
[2025-01-11T20:38:44.274370400] [INFO] Vazgen goes to sleep after resting.
[2025-01-11T20:38:44.491519300] [HINT] Event #16
Event{type=TURN_OFF, description='Random event description'}
[2025-01-11T20:38:44.709487400] [HINT] Event #17
Event{type=FARMER_REST, description='Random event description'}
[2025-01-11T20:38:44.709487400] [INFO] Vazgen cannot rest while sleeping.
[2025-01-11T20:38:44.953469400] [HINT] Event #18
Event{type=REPAIR, description='Random event description'}
[2025-01-11T20:38:45.163299400] [HINT] Event #19
Event{type=APPLY_PESTICIDE, description='Random event description'}
[2025-01-11T20:38:45.165321600] [INFO] The field already has pesticides applied.
[2025-01-11T20:38:45.384102400] [HINT] Event #20
Event{type=REPAIR, description='Random event description'}
[2025-01-11T20:38:45.601011100] [HINT] Event #21
Event{type=APPLY_PESTICIDE, description='Random event description'}
[2025-01-11T20:38:45.603302] [INFO] The field is not ready for applying pesticides.
[2025-01-11T20:38:45.820021500] [HINT] Event #22
Event{type=TURN_OFF, description='Random event description'}
[2025-01-11T20:38:46.025029400] [HINT] Event #23
Event{type=REFUEL, description='Random event description'}
[2025-01-11T20:38:46.241342900] [HINT] Event #24
Event{type=PLANT_CROPS, description='Random event description'}
[2025-01-11T20:38:46.245382700] [INFO] The field is already planted.
[2025-01-11T20:38:46.461969700] [HINT] Event #25
Event{type=TURN_OFF, description='Random event description'}
[2025-01-11T20:38:46.679053] [HINT] Event #26
Event{type=APPLY_PESTICIDE, description='Random event description'}
[2025-01-11T20:38:46.686197300] [INFO] The field is not ready for applying pesticides.
[2025-01-11T20:38:46.899359600] [HINT] Event #27
Event{type=TURN_ON, description='Random event description'}
[2025-01-11T20:38:47.115824900] [HINT] Event #28
Event{type=TURN_OFF, description='Random event description'}
[2025-01-11T20:38:47.335557200] [HINT] Event #29
Event{type=HARVEST_CROPS, description='Random event description'}
[2025-01-11T20:38:47.340895900] [INFO] The field was harvested.
[2025-01-11T20:38:47.554499200] [HINT] Event #30
Event{type=APPLY_PESTICIDE, description='Random event description'}
[2025-01-11T20:38:47.557042500] [INFO] The field is free. No need for applying pesticides.
[2025-01-11T20:38:47.772386300] [HINT] Event #31
Event{type=HARVEST_CROPS, description='Random event description'}
[2025-01-11T20:38:47.772386300] [INFO] The field is free. No need for harvesting.
[2025-01-11T20:38:47.991143200] [HINT] Event #32
Event{type=REFUEL, description='Random event description'}
[2025-01-11T20:38:48.209776300] [HINT] Event #33
Event{type=FARMER_SLEEP, description='Random event description'}
[2025-01-11T20:38:48.209776300] [INFO] Vazgen is already sleeping.
[2025-01-11T20:38:48.416976100] [HINT] Event #34
Event{type=BREAK_DOWN, description='Random event description'}
[2025-01-11T20:38:48.648003100] [HINT] Event #35
Event{type=TURN_OFF, description='Random event description'}
[2025-01-11T20:38:48.866881900] [HINT] Event #36
Event{type=BREAK_DOWN, description='Random event description'}
[2025-01-11T20:38:49.084719900] [HINT] Event #37
Event{type=REPAIR, description='Random event description'}
[2025-01-11T20:38:49.303898100] [HINT] Event #38
Event{type=BREAK_DOWN, description='Random event description'}
[2025-01-11T20:38:49.523005200] [HINT] Event #39
Event{type=HARVEST_CROPS, description='Random event description'}
[2025-01-11T20:38:49.527914500] [INFO] The field is free. No need for harvesting.
[2025-01-11T20:38:49.741427600] [HINT] Event #40
Event{type=TURN_OFF, description='Random event description'}
[2025-01-11T20:38:49.960006] [HINT] Event #41
Event{type=BREAK_DOWN, description='Random event description'}
[2025-01-11T20:38:50.178156600] [HINT] Event #42
Event{type=FARMER_SLEEP, description='Random event description'}
[2025-01-11T20:38:50.181849400] [INFO] Vazgen is already sleeping.
[2025-01-11T20:38:50.397555900] [HINT] Event #43
Event{type=REPAIR, description='Random event description'}
[2025-01-11T20:38:50.616902300] [HINT] Event #44
Event{type=PERFORM_ACTION, description='Random event description'}
[2025-01-11T20:38:50.840936200] [HINT] Event #45
Event{type=HARVEST_CROPS, description='Random event description'}
[2025-01-11T20:38:50.842947600] [INFO] The field is free. No need for harvesting.
[2025-01-11T20:38:51.056191200] [HINT] Event #46
Event{type=TURN_ON, description='Random event description'}
[2025-01-11T20:38:51.272804200] [HINT] Event #47
Event{type=FARMER_WORK, description='Random event description'}
[2025-01-11T20:38:51.272804200] [INFO] Vazgen is waking up and starting to work.
[2025-01-11T20:38:51.490717900] [HINT] Event #48
Event{type=FARMER_SLEEP, description='Random event description'}
[2025-01-11T20:38:51.494749400] [INFO] Vazgen is too tired from working and goes to sleep.
[2025-01-11T20:38:51.712304800] [HINT] Event #49
Event{type=FARMER_REST, description='Random event description'}
[2025-01-11T20:38:51.716334100] [INFO] Vazgen cannot rest while sleeping.
[2025-01-11T20:38:51.930804300] [HINT] Event #50
Event{type=BREAK_DOWN, description='Random event description'}
[2025-01-11T20:38:52.149500200] [HINT] Event #51
Event{type=PLANT_CROPS, description='Random event description'}
[2025-01-11T20:38:52.152122] [INFO] The field is now planted.
[2025-01-11T20:38:52.363390900] [HINT] Event #52
Event{type=HARVEST_CROPS, description='Random event description'}
[2025-01-11T20:38:52.365631500] [INFO] The field is not ready for harvesting.
[2025-01-11T20:38:52.571416100] [HINT] Event #53
Event{type=FARMER_SLEEP, description='Random event description'}
[2025-01-11T20:38:52.573433800] [INFO] Vazgen is already sleeping.
[2025-01-11T20:38:52.805005] [HINT] Event #54
Event{type=BREAK_DOWN, description='Random event description'}
[2025-01-11T20:38:53.021888600] [HINT] Event #55
Event{type=APPLY_PESTICIDE, description='Random event description'}
[2025-01-11T20:38:53.023903600] [INFO] The field is now ready for applying pesticides.
[2025-01-11T20:38:53.241408300] [HINT] Event #56
Event{type=APPLY_PESTICIDE, description='Random event description'}
[2025-01-11T20:38:53.243426600] [INFO] The field already has pesticides applied.
[2025-01-11T20:38:53.452166] [HINT] Event #57
Event{type=PERFORM_ACTION, description='Random event description'}
[2025-01-11T20:38:53.678377100] [HINT] Event #58
Event{type=PLANT_CROPS, description='Random event description'}
[2025-01-11T20:38:53.678377100] [INFO] The field is already planted.
[2025-01-11T20:38:53.898241600] [HINT] Event #59
Event{type=REFUEL, description='Random event description'}
[2025-01-11T20:38:54.116000800] [HINT] Event #60
Event{type=FARMER_REST, description='Random event description'}
[2025-01-11T20:38:54.118020300] [INFO] Vazgen cannot rest while sleeping.
[2025-01-11T20:38:54.334845900] [HINT] Event #61
Event{type=FARMER_SLEEP, description='Random event description'}
[2025-01-11T20:38:54.334845900] [INFO] Vazgen is already sleeping.
[2025-01-11T20:38:54.543411700] [HINT] Event #62
Event{type=REFUEL, description='Random event description'}
[2025-01-11T20:38:54.756688700] [HINT] Event #63
Event{type=FARMER_WORK, description='Random event description'}
[2025-01-11T20:38:54.758708100] [INFO] Vazgen is waking up and starting to work.
[2025-01-11T20:38:54.965124700] [HINT] Event #64
Event{type=PERFORM_ACTION, description='Random event description'}
[2025-01-11T20:38:55.195130100] [HINT] Event #65
Event{type=PERFORM_ACTION, description='Random event description'}
[2025-01-11T20:38:55.413664600] [HINT] Event #66
Event{type=FARMER_SLEEP, description='Random event description'}
[2025-01-11T20:38:55.415772100] [INFO] Vazgen is too tired from working and goes to sleep.
[2025-01-11T20:38:55.631940400] [HINT] Event #67
Event{type=TURN_OFF, description='Random event description'}
[2025-01-11T20:38:55.850570100] [HINT] Event #68
Event{type=PERFORM_ACTION, description='Random event description'}
[2025-01-11T20:38:56.056607100] [HINT] Event #69
Event{type=BREAK_DOWN, description='Random event description'}
[2025-01-11T20:38:56.260208800] [HINT] Event #70
Event{type=TURN_OFF, description='Random event description'}
[2025-01-11T20:38:56.475671500] [HINT] Event #71
Event{type=HARVEST_CROPS, description='Random event description'}
[2025-01-11T20:38:56.478678400] [INFO] The field was harvested.
[2025-01-11T20:38:56.695856500] [HINT] Event #72
Event{type=FARMER_WORK, description='Random event description'}
[2025-01-11T20:38:56.699295300] [INFO] Vazgen is waking up and starting to work.
[2025-01-11T20:38:56.915462600] [HINT] Event #73
Event{type=HARVEST_CROPS, description='Random event description'}
[2025-01-11T20:38:56.919211800] [INFO] The field is free. No need for harvesting.
[2025-01-11T20:38:57.134417700] [HINT] Event #74
Event{type=APPLY_PESTICIDE, description='Random event description'}
[2025-01-11T20:38:57.137256300] [INFO] The field is free. No need for applying pesticides.
[2025-01-11T20:38:57.352409500] [HINT] Event #75
Event{type=TURN_ON, description='Random event description'}
[2025-01-11T20:38:57.570753300] [HINT] Event #76
Event{type=TURN_ON, description='Random event description'}
[2025-01-11T20:38:57.774429300] [HINT] Event #77
Event{type=HARVEST_CROPS, description='Random event description'}
[2025-01-11T20:38:57.774429300] [INFO] The field is free. No need for harvesting.
[2025-01-11T20:38:57.992614100] [HINT] Event #78
Event{type=FARMER_REST, description='Random event description'}
[2025-01-11T20:38:57.992614100] [INFO] Vazgen is taking a rest after working.
[2025-01-11T20:38:58.199191400] [HINT] Event #79
Event{type=FARMER_WORK, description='Random event description'}
[2025-01-11T20:38:58.201384] [INFO] Vazgen feels rested and starts working.
[2025-01-11T20:38:58.413558200] [HINT] Event #80
Event{type=FARMER_SLEEP, description='Random event description'}
[2025-01-11T20:38:58.413558200] [INFO] Vazgen is too tired from working and goes to sleep.
[2025-01-11T20:38:58.618654400] [HINT] Event #81
Event{type=PERFORM_ACTION, description='Random event description'}
[2025-01-11T20:38:58.823031300] [HINT] Event #82
Event{type=REFUEL, description='Random event description'}
[2025-01-11T20:38:59.037869500] [HINT] Event #83
Event{type=TURN_ON, description='Random event description'}
[2025-01-11T20:38:59.241902400] [HINT] Event #84
Event{type=REFUEL, description='Random event description'}
[2025-01-11T20:38:59.444762200] [HINT] Event #85
Event{type=FARMER_WORK, description='Random event description'}
[2025-01-11T20:38:59.444762200] [INFO] Vazgen is waking up and starting to work.
[2025-01-11T20:38:59.663373600] [HINT] Event #86
Event{type=REPAIR, description='Random event description'}
[2025-01-11T20:38:59.881858600] [HINT] Event #87
Event{type=FARMER_WORK, description='Random event description'}
[2025-01-11T20:38:59.881858600] [INFO] Vazgen is already working.
[2025-01-11T20:39:00.100447400] [HINT] Event #88
Event{type=PLANT_CROPS, description='Random event description'}
[2025-01-11T20:39:00.100447400] [INFO] The field is now planted.
[2025-01-11T20:39:00.320875] [HINT] Event #89
Event{type=REFUEL, description='Random event description'}
[2025-01-11T20:39:00.553815500] [HINT] Event #90
Event{type=FARMER_WORK, description='Random event description'}
[2025-01-11T20:39:00.555824100] [INFO] Vazgen is already working.
[2025-01-11T20:39:00.759819400] [HINT] Event #91
Event{type=TURN_ON, description='Random event description'}
[2025-01-11T20:39:00.975837400] [HINT] Event #92
Event{type=PERFORM_ACTION, description='Random event description'}
[2025-01-11T20:39:01.186984600] [HINT] Event #93
Event{type=FARMER_REST, description='Random event description'}
[2025-01-11T20:39:01.191131900] [INFO] Vazgen is taking a rest after working.
[2025-01-11T20:39:01.397616300] [HINT] Event #94
Event{type=PLANT_CROPS, description='Random event description'}
[2025-01-11T20:39:01.397616300] [INFO] The field is already planted.
[2025-01-11T20:39:01.604741700] [HINT] Event #95
Event{type=FARMER_SLEEP, description='Random event description'}
[2025-01-11T20:39:01.604741700] [INFO] Vazgen goes to sleep after resting.
[2025-01-11T20:39:01.810886900] [HINT] Event #96
Event{type=BREAK_DOWN, description='Random event description'}
[2025-01-11T20:39:02.025659200] [HINT] Event #97
Event{type=FARMER_SLEEP, description='Random event description'}
[2025-01-11T20:39:02.028690700] [INFO] Vazgen is already sleeping.
[2025-01-11T20:39:02.242576100] [HINT] Event #98
Event{type=PLANT_CROPS, description='Random event description'}
[2025-01-11T20:39:02.244528100] [INFO] The field is already planted.
[2025-01-11T20:39:02.461421] [HINT] Event #99
Event{type=BREAK_DOWN, description='Random event description'}
[2025-01-11T20:39:02.663956500] [HINT] Event #100
Event{type=TURN_OFF, description='Random event description'}
[2025-01-11T20:39:02.869270200] [HINT] Would you like to save the current farm data to a JSON file? (yes/no): 
[2025-01-11T20:39:08.445640800] [HINT] Enter the file name to save (e.g., config_1.json): 
[2025-01-11T20:39:14.595761600] [INFO] Farm configuration saved successfully to src/main/resources/test
