[2025-01-12T15:14:23.518699800] [HINT] Would you like to load the farm data from a JSON file? (yes/no): 
[2025-01-12T15:14:27.038448100] [INFO] Enter farm name: 
[2025-01-12T15:14:29.445126300] [HINT] Do you want to add a field? (yes/no): 
[2025-01-12T15:14:32.797309200] [HINT] Do you want to add a farmer? (yes/no): 
[2025-01-12T15:14:35.063305300] [HINT] Do you want to add a building? (yes/no): 
[2025-01-12T15:14:36.232020300] [HINT] Do you want to add a equipment? (yes/no): 
[2025-01-12T15:14:37.454541700] [HINT] Do you want to add a animal? (yes/no): 
[2025-01-12T15:14:38.678070900] [HINT] Do you want to add a product? (yes/no): 
[2025-01-12T15:14:40.950083400] [INFO] Enter product data:
[2025-01-12T15:14:40.954169100] [INFO]   Select Product Type:
[2025-01-12T15:14:40.959849800] [INFO]     - EGG (egg)
[2025-01-12T15:14:40.961859200] [INFO]     - MEAT (meat)
[2025-01-12T15:14:40.961859200] [INFO]     - MILK (milk)
[2025-01-12T15:14:40.961859200] [INFO]     - WOOL (wool)
[2025-01-12T15:14:40.961859200] [INFO]   Type: 
[2025-01-12T15:14:44.677344400] [INFO]   Product Name: 
[2025-01-12T15:14:48.036073800] [INFO]   Price: 
[2025-01-12T15:14:50.791176700] [INFO]   Weight: 
[2025-01-12T15:14:53.264095] [HINT] Do you want to add a product? (yes/no): 
[2025-01-12T15:14:55.566133600] [HINT] Farm created successfully: 
[2025-01-12T15:14:55.582777900] [HINT] Farm: ggg
|-- Fields
|-- Farmers
|-- Buildings
|-- Equipments
|-- Animals
|-- Products
|    - Product{name='meat', price=12.5, weight=12, productType=meat}
|-- Product Price: 12.5

[2025-01-12T15:14:55.795260100] [HINT] Farm name: ggg
[2025-01-12T15:14:55.797335500] [HINT] Observers have been added to the subjects.
[2025-01-12T15:14:56.002576300] [HINT] 
Processing random events...
[2025-01-12T15:14:56.218303] [HINT] Event #1
Event{type=APPLY_PESTICIDE, description='Random event description'}
[2025-01-12T15:14:56.218303] [INFO] Unhandled event: Event{type=APPLY_PESTICIDE, description='Random event description'} - no handler found
[2025-01-12T15:14:56.427381100] [HINT] Event #2
Event{type=BREAK_DOWN, description='Random event description'}
[2025-01-12T15:14:56.427381100] [INFO] Unhandled event: Event{type=BREAK_DOWN, description='Random event description'} - no handler found
[2025-01-12T15:14:56.636357] [HINT] Event #3
Event{type=APPLY_PESTICIDE, description='Random event description'}
[2025-01-12T15:14:56.638453500] [INFO] Unhandled event: Event{type=APPLY_PESTICIDE, description='Random event description'} - no handler found
[2025-01-12T15:14:56.844761100] [HINT] Event #4
Event{type=TURN_ON, description='Random event description'}
[2025-01-12T15:14:56.847384700] [INFO] Unhandled event: Event{type=TURN_ON, description='Random event description'} - no handler found
[2025-01-12T15:14:57.052998900] [HINT] Event #5
Event{type=HARVEST_CROPS, description='Random event description'}
[2025-01-12T15:14:57.056287] [INFO] Unhandled event: Event{type=HARVEST_CROPS, description='Random event description'} - no handler found
[2025-01-12T15:14:57.263494200] [HINT] Event #6
Event{type=APPLY_PESTICIDE, description='Random event description'}
[2025-01-12T15:14:57.265619900] [INFO] Unhandled event: Event{type=APPLY_PESTICIDE, description='Random event description'} - no handler found
[2025-01-12T15:14:57.471459] [HINT] Event #7
Event{type=APPLY_PESTICIDE, description='Random event description'}
[2025-01-12T15:14:57.474635400] [INFO] Unhandled event: Event{type=APPLY_PESTICIDE, description='Random event description'} - no handler found
[2025-01-12T15:14:57.681781800] [HINT] Event #8
Event{type=PERFORM_ACTION, description='Random event description'}
[2025-01-12T15:14:57.683905300] [INFO] Unhandled event: Event{type=PERFORM_ACTION, description='Random event description'} - no handler found
[2025-01-12T15:14:57.889447800] [HINT] Event #9
Event{type=TURN_OFF, description='Random event description'}
[2025-01-12T15:14:57.891545200] [INFO] Unhandled event: Event{type=TURN_OFF, description='Random event description'} - no handler found
[2025-01-12T15:14:58.099916] [HINT] Event #10
Event{type=HARVEST_CROPS, description='Random event description'}
[2025-01-12T15:14:58.102701700] [INFO] Unhandled event: Event{type=HARVEST_CROPS, description='Random event description'} - no handler found
[2025-01-12T15:14:58.308624800] [HINT] Event #11
Event{type=BREAK_DOWN, description='Random event description'}
[2025-01-12T15:14:58.310642800] [INFO] Unhandled event: Event{type=BREAK_DOWN, description='Random event description'} - no handler found
[2025-01-12T15:14:58.516890700] [HINT] Event #12
Event{type=BREAK_DOWN, description='Random event description'}
[2025-01-12T15:14:58.518974500] [INFO] Unhandled event: Event{type=BREAK_DOWN, description='Random event description'} - no handler found
[2025-01-12T15:14:58.725933700] [HINT] Event #13
Event{type=APPLY_PESTICIDE, description='Random event description'}
[2025-01-12T15:14:58.725933700] [INFO] Unhandled event: Event{type=APPLY_PESTICIDE, description='Random event description'} - no handler found
[2025-01-12T15:14:58.934396400] [HINT] Event #14
Event{type=TURN_OFF, description='Random event description'}
[2025-01-12T15:14:58.934396400] [INFO] Unhandled event: Event{type=TURN_OFF, description='Random event description'} - no handler found
[2025-01-12T15:14:59.143793] [HINT] Event #15
Event{type=REFUEL, description='Random event description'}
[2025-01-12T15:14:59.145839900] [INFO] Unhandled event: Event{type=REFUEL, description='Random event description'} - no handler found
[2025-01-12T15:14:59.352266300] [HINT] Event #16
Event{type=HARVEST_CROPS, description='Random event description'}
[2025-01-12T15:14:59.355345700] [INFO] Unhandled event: Event{type=HARVEST_CROPS, description='Random event description'} - no handler found
[2025-01-12T15:14:59.560169700] [HINT] Event #17
Event{type=TURN_OFF, description='Random event description'}
[2025-01-12T15:14:59.560169700] [INFO] Unhandled event: Event{type=TURN_OFF, description='Random event description'} - no handler found
[2025-01-12T15:14:59.767068200] [HINT] Event #18
Event{type=TURN_ON, description='Random event description'}
[2025-01-12T15:14:59.767068200] [INFO] Unhandled event: Event{type=TURN_ON, description='Random event description'} - no handler found
[2025-01-12T15:14:59.975450100] [HINT] Event #19
Event{type=TURN_OFF, description='Random event description'}
[2025-01-12T15:14:59.975450100] [INFO] Unhandled event: Event{type=TURN_OFF, description='Random event description'} - no handler found
[2025-01-12T15:15:00.184648] [HINT] Event #20
Event{type=PERFORM_ACTION, description='Random event description'}
[2025-01-12T15:15:00.186872300] [INFO] Unhandled event: Event{type=PERFORM_ACTION, description='Random event description'} - no handler found
[2025-01-12T15:15:00.395593] [HINT] Event #21
Event{type=BREAK_DOWN, description='Random event description'}
[2025-01-12T15:15:00.395593] [INFO] Unhandled event: Event{type=BREAK_DOWN, description='Random event description'} - no handler found
[2025-01-12T15:15:00.604415700] [HINT] Event #22
Event{type=APPLY_PESTICIDE, description='Random event description'}
[2025-01-12T15:15:00.609139700] [INFO] Unhandled event: Event{type=APPLY_PESTICIDE, description='Random event description'} - no handler found
[2025-01-12T15:15:00.819075700] [HINT] Event #23
Event{type=TURN_OFF, description='Random event description'}
[2025-01-12T15:15:00.819075700] [INFO] Unhandled event: Event{type=TURN_OFF, description='Random event description'} - no handler found
[2025-01-12T15:15:01.024777900] [HINT] Event #24
Event{type=FARMER_REST, description='Random event description'}
[2025-01-12T15:15:01.029021600] [INFO] Unhandled event: Event{type=FARMER_REST, description='Random event description'} - no handler found
[2025-01-12T15:15:01.233157700] [HINT] Event #25
Event{type=TURN_OFF, description='Random event description'}
[2025-01-12T15:15:01.233157700] [INFO] Unhandled event: Event{type=TURN_OFF, description='Random event description'} - no handler found
[2025-01-12T15:15:01.442077600] [HINT] Event #26
Event{type=HARVEST_CROPS, description='Random event description'}
[2025-01-12T15:15:01.444098900] [INFO] Unhandled event: Event{type=HARVEST_CROPS, description='Random event description'} - no handler found
[2025-01-12T15:15:01.668601100] [HINT] Event #27
Event{type=REFUEL, description='Random event description'}
[2025-01-12T15:15:01.670616100] [INFO] Unhandled event: Event{type=REFUEL, description='Random event description'} - no handler found
[2025-01-12T15:15:01.875756300] [HINT] Event #28
Event{type=TURN_OFF, description='Random event description'}
[2025-01-12T15:15:01.875756300] [INFO] Unhandled event: Event{type=TURN_OFF, description='Random event description'} - no handler found
[2025-01-12T15:15:02.084409300] [HINT] Event #29
Event{type=HARVEST_CROPS, description='Random event description'}
[2025-01-12T15:15:02.086433100] [INFO] Unhandled event: Event{type=HARVEST_CROPS, description='Random event description'} - no handler found
[2025-01-12T15:15:02.298955800] [HINT] Event #30
Event{type=BREAK_DOWN, description='Random event description'}
[2025-01-12T15:15:02.298955800] [INFO] Unhandled event: Event{type=BREAK_DOWN, description='Random event description'} - no handler found
[2025-01-12T15:15:02.508739500] [HINT] Event #31
Event{type=TURN_ON, description='Random event description'}
[2025-01-12T15:15:02.508739500] [INFO] Unhandled event: Event{type=TURN_ON, description='Random event description'} - no handler found
[2025-01-12T15:15:02.717432900] [HINT] Event #32
Event{type=REFUEL, description='Random event description'}
[2025-01-12T15:15:02.717432900] [INFO] Unhandled event: Event{type=REFUEL, description='Random event description'} - no handler found
[2025-01-12T15:15:02.925269900] [HINT] Event #33
Event{type=TURN_OFF, description='Random event description'}
[2025-01-12T15:15:02.925269900] [INFO] Unhandled event: Event{type=TURN_OFF, description='Random event description'} - no handler found
[2025-01-12T15:15:03.133259300] [HINT] Event #34
Event{type=FARMER_SLEEP, description='Random event description'}
[2025-01-12T15:15:03.133259300] [INFO] Unhandled event: Event{type=FARMER_SLEEP, description='Random event description'} - no handler found
[2025-01-12T15:15:03.341217500] [HINT] Event #35
Event{type=PLANT_CROPS, description='Random event description'}
[2025-01-12T15:15:03.343422200] [INFO] Unhandled event: Event{type=PLANT_CROPS, description='Random event description'} - no handler found
[2025-01-12T15:15:03.549593] [HINT] Event #36
Event{type=FARMER_SLEEP, description='Random event description'}
[2025-01-12T15:15:03.549593] [INFO] Unhandled event: Event{type=FARMER_SLEEP, description='Random event description'} - no handler found
[2025-01-12T15:15:03.759723500] [HINT] Event #37
Event{type=APPLY_PESTICIDE, description='Random event description'}
[2025-01-12T15:15:03.759723500] [INFO] Unhandled event: Event{type=APPLY_PESTICIDE, description='Random event description'} - no handler found
[2025-01-12T15:15:03.967113900] [HINT] Event #38
Event{type=PLANT_CROPS, description='Random event description'}
[2025-01-12T15:15:03.971130] [INFO] Unhandled event: Event{type=PLANT_CROPS, description='Random event description'} - no handler found
[2025-01-12T15:15:04.176972] [HINT] Event #39
Event{type=HARVEST_CROPS, description='Random event description'}
[2025-01-12T15:15:04.176972] [INFO] Unhandled event: Event{type=HARVEST_CROPS, description='Random event description'} - no handler found
[2025-01-12T15:15:04.386418800] [HINT] Event #40
Event{type=HARVEST_CROPS, description='Random event description'}
[2025-01-12T15:15:04.391989600] [INFO] Unhandled event: Event{type=HARVEST_CROPS, description='Random event description'} - no handler found
[2025-01-12T15:15:04.596422100] [HINT] Event #41
Event{type=FARMER_WORK, description='Random event description'}
[2025-01-12T15:15:04.596422100] [INFO] Unhandled event: Event{type=FARMER_WORK, description='Random event description'} - no handler found
[2025-01-12T15:15:04.804553900] [HINT] Event #42
Event{type=FARMER_SLEEP, description='Random event description'}
[2025-01-12T15:15:04.804553900] [INFO] Unhandled event: Event{type=FARMER_SLEEP, description='Random event description'} - no handler found
[2025-01-12T15:15:05.015542100] [HINT] Event #43
Event{type=FARMER_REST, description='Random event description'}
[2025-01-12T15:15:05.015542100] [INFO] Unhandled event: Event{type=FARMER_REST, description='Random event description'} - no handler found
[2025-01-12T15:15:05.223127500] [HINT] Event #44
Event{type=HARVEST_CROPS, description='Random event description'}
[2025-01-12T15:15:05.227168300] [INFO] Unhandled event: Event{type=HARVEST_CROPS, description='Random event description'} - no handler found
[2025-01-12T15:15:05.431830300] [HINT] Event #45
Event{type=FARMER_REST, description='Random event description'}
[2025-01-12T15:15:05.431830300] [INFO] Unhandled event: Event{type=FARMER_REST, description='Random event description'} - no handler found
[2025-01-12T15:15:05.639925800] [HINT] Event #46
Event{type=BREAK_DOWN, description='Random event description'}
[2025-01-12T15:15:05.639925800] [INFO] Unhandled event: Event{type=BREAK_DOWN, description='Random event description'} - no handler found
[2025-01-12T15:15:05.848183400] [HINT] Event #47
Event{type=HARVEST_CROPS, description='Random event description'}
[2025-01-12T15:15:05.848183400] [INFO] Unhandled event: Event{type=HARVEST_CROPS, description='Random event description'} - no handler found
[2025-01-12T15:15:06.055966700] [HINT] Event #48
Event{type=FARMER_REST, description='Random event description'}
[2025-01-12T15:15:06.055966700] [INFO] Unhandled event: Event{type=FARMER_REST, description='Random event description'} - no handler found
[2025-01-12T15:15:06.262656400] [HINT] Event #49
Event{type=PERFORM_ACTION, description='Random event description'}
[2025-01-12T15:15:06.264673500] [INFO] Unhandled event: Event{type=PERFORM_ACTION, description='Random event description'} - no handler found
[2025-01-12T15:15:06.471280900] [HINT] Event #50
Event{type=FARMER_SLEEP, description='Random event description'}
[2025-01-12T15:15:06.471280900] [INFO] Unhandled event: Event{type=FARMER_SLEEP, description='Random event description'} - no handler found
[2025-01-12T15:15:06.678607900] [HINT] Event #51
Event{type=FARMER_REST, description='Random event description'}
[2025-01-12T15:15:06.678607900] [INFO] Unhandled event: Event{type=FARMER_REST, description='Random event description'} - no handler found
[2025-01-12T15:15:06.889014] [HINT] Event #52
Event{type=PERFORM_ACTION, description='Random event description'}
[2025-01-12T15:15:06.889014] [INFO] Unhandled event: Event{type=PERFORM_ACTION, description='Random event description'} - no handler found
[2025-01-12T15:15:07.098707800] [HINT] Event #53
Event{type=REPAIR, description='Random event description'}
[2025-01-12T15:15:07.098707800] [INFO] Unhandled event: Event{type=REPAIR, description='Random event description'} - no handler found
[2025-01-12T15:15:07.306820700] [HINT] Event #54
Event{type=FARMER_REST, description='Random event description'}
[2025-01-12T15:15:07.308850400] [INFO] Unhandled event: Event{type=FARMER_REST, description='Random event description'} - no handler found
[2025-01-12T15:15:07.514834] [HINT] Event #55
Event{type=FARMER_SLEEP, description='Random event description'}
[2025-01-12T15:15:07.516881500] [INFO] Unhandled event: Event{type=FARMER_SLEEP, description='Random event description'} - no handler found
[2025-01-12T15:15:07.723463200] [HINT] Event #56
Event{type=FARMER_WORK, description='Random event description'}
[2025-01-12T15:15:07.723463200] [INFO] Unhandled event: Event{type=FARMER_WORK, description='Random event description'} - no handler found
[2025-01-12T15:15:07.930602700] [HINT] Event #57
Event{type=PLANT_CROPS, description='Random event description'}
[2025-01-12T15:15:07.932625900] [INFO] Unhandled event: Event{type=PLANT_CROPS, description='Random event description'} - no handler found
[2025-01-12T15:15:08.138447700] [HINT] Event #58
Event{type=PERFORM_ACTION, description='Random event description'}
[2025-01-12T15:15:08.141312300] [INFO] Unhandled event: Event{type=PERFORM_ACTION, description='Random event description'} - no handler found
[2025-01-12T15:15:08.346093500] [HINT] Event #59
Event{type=APPLY_PESTICIDE, description='Random event description'}
[2025-01-12T15:15:08.348110100] [INFO] Unhandled event: Event{type=APPLY_PESTICIDE, description='Random event description'} - no handler found
[2025-01-12T15:15:08.569169400] [HINT] Event #60
Event{type=FARMER_WORK, description='Random event description'}
[2025-01-12T15:15:08.569169400] [INFO] Unhandled event: Event{type=FARMER_WORK, description='Random event description'} - no handler found
[2025-01-12T15:15:08.777539200] [HINT] Event #61
Event{type=FARMER_WORK, description='Random event description'}
[2025-01-12T15:15:08.779563800] [INFO] Unhandled event: Event{type=FARMER_WORK, description='Random event description'} - no handler found
[2025-01-12T15:15:08.994933200] [HINT] Event #62
Event{type=REPAIR, description='Random event description'}
[2025-01-12T15:15:08.997752500] [INFO] Unhandled event: Event{type=REPAIR, description='Random event description'} - no handler found
[2025-01-12T15:15:09.203563200] [HINT] Event #63
Event{type=FARMER_REST, description='Random event description'}
[2025-01-12T15:15:09.203563200] [INFO] Unhandled event: Event{type=FARMER_REST, description='Random event description'} - no handler found
[2025-01-12T15:15:09.411444500] [HINT] Event #64
Event{type=FARMER_REST, description='Random event description'}
[2025-01-12T15:15:09.411444500] [INFO] Unhandled event: Event{type=FARMER_REST, description='Random event description'} - no handler found
[2025-01-12T15:15:09.620903100] [HINT] Event #65
Event{type=PLANT_CROPS, description='Random event description'}
[2025-01-12T15:15:09.623020900] [INFO] Unhandled event: Event{type=PLANT_CROPS, description='Random event description'} - no handler found
[2025-01-12T15:15:09.828511200] [HINT] Event #66
Event{type=REFUEL, description='Random event description'}
[2025-01-12T15:15:09.828511200] [INFO] Unhandled event: Event{type=REFUEL, description='Random event description'} - no handler found
[2025-01-12T15:15:10.036831500] [HINT] Event #67
Event{type=PLANT_CROPS, description='Random event description'}
[2025-01-12T15:15:10.038849100] [INFO] Unhandled event: Event{type=PLANT_CROPS, description='Random event description'} - no handler found
[2025-01-12T15:15:10.245353400] [HINT] Event #68
Event{type=FARMER_REST, description='Random event description'}
[2025-01-12T15:15:10.245353400] [INFO] Unhandled event: Event{type=FARMER_REST, description='Random event description'} - no handler found
[2025-01-12T15:15:10.453206400] [HINT] Event #69
Event{type=BREAK_DOWN, description='Random event description'}
[2025-01-12T15:15:10.453206400] [INFO] Unhandled event: Event{type=BREAK_DOWN, description='Random event description'} - no handler found
[2025-01-12T15:15:10.660837700] [HINT] Event #70
Event{type=TURN_ON, description='Random event description'}
[2025-01-12T15:15:10.667496800] [INFO] Unhandled event: Event{type=TURN_ON, description='Random event description'} - no handler found
[2025-01-12T15:15:10.883918500] [HINT] Event #71
Event{type=TURN_OFF, description='Random event description'}
[2025-01-12T15:15:10.887842100] [INFO] Unhandled event: Event{type=TURN_OFF, description='Random event description'} - no handler found
[2025-01-12T15:15:11.093041500] [HINT] Event #72
Event{type=FARMER_REST, description='Random event description'}
[2025-01-12T15:15:11.097072900] [INFO] Unhandled event: Event{type=FARMER_REST, description='Random event description'} - no handler found
[2025-01-12T15:15:11.301392800] [HINT] Event #73
Event{type=TURN_OFF, description='Random event description'}
[2025-01-12T15:15:11.303407100] [INFO] Unhandled event: Event{type=TURN_OFF, description='Random event description'} - no handler found
[2025-01-12T15:15:11.509292200] [HINT] Event #74
Event{type=HARVEST_CROPS, description='Random event description'}
[2025-01-12T15:15:11.511426200] [INFO] Unhandled event: Event{type=HARVEST_CROPS, description='Random event description'} - no handler found
[2025-01-12T15:15:11.717367900] [HINT] Event #75
Event{type=BREAK_DOWN, description='Random event description'}
[2025-01-12T15:15:11.722623400] [INFO] Unhandled event: Event{type=BREAK_DOWN, description='Random event description'} - no handler found
[2025-01-12T15:15:11.926359] [HINT] Event #76
Event{type=FARMER_WORK, description='Random event description'}
[2025-01-12T15:15:11.926359] [INFO] Unhandled event: Event{type=FARMER_WORK, description='Random event description'} - no handler found
[2025-01-12T15:15:12.138712100] [HINT] Event #77
Event{type=TURN_ON, description='Random event description'}
[2025-01-12T15:15:12.140728500] [INFO] Unhandled event: Event{type=TURN_ON, description='Random event description'} - no handler found
[2025-01-12T15:15:12.347231100] [HINT] Event #78
Event{type=REPAIR, description='Random event description'}
[2025-01-12T15:15:12.347231100] [INFO] Unhandled event: Event{type=REPAIR, description='Random event description'} - no handler found
[2025-01-12T15:15:12.556017300] [HINT] Event #79
Event{type=PERFORM_ACTION, description='Random event description'}
[2025-01-12T15:15:12.556017300] [INFO] Unhandled event: Event{type=PERFORM_ACTION, description='Random event description'} - no handler found
[2025-01-12T15:15:12.764535100] [HINT] Event #80
Event{type=TURN_OFF, description='Random event description'}
[2025-01-12T15:15:12.766557900] [INFO] Unhandled event: Event{type=TURN_OFF, description='Random event description'} - no handler found
[2025-01-12T15:15:12.972627500] [HINT] Event #81
Event{type=PLANT_CROPS, description='Random event description'}
[2025-01-12T15:15:12.974647200] [INFO] Unhandled event: Event{type=PLANT_CROPS, description='Random event description'} - no handler found
[2025-01-12T15:15:13.180927600] [HINT] Event #82
Event{type=PERFORM_ACTION, description='Random event description'}
[2025-01-12T15:15:13.180927600] [INFO] Unhandled event: Event{type=PERFORM_ACTION, description='Random event description'} - no handler found
[2025-01-12T15:15:13.388261600] [HINT] Event #83
Event{type=PERFORM_ACTION, description='Random event description'}
[2025-01-12T15:15:13.393297600] [INFO] Unhandled event: Event{type=PERFORM_ACTION, description='Random event description'} - no handler found
[2025-01-12T15:15:13.596663800] [HINT] Event #84
Event{type=BREAK_DOWN, description='Random event description'}
[2025-01-12T15:15:13.596663800] [INFO] Unhandled event: Event{type=BREAK_DOWN, description='Random event description'} - no handler found
[2025-01-12T15:15:13.804668100] [HINT] Event #85
Event{type=BREAK_DOWN, description='Random event description'}
[2025-01-12T15:15:13.806690900] [INFO] Unhandled event: Event{type=BREAK_DOWN, description='Random event description'} - no handler found
[2025-01-12T15:15:14.012961] [HINT] Event #86
Event{type=BREAK_DOWN, description='Random event description'}
[2025-01-12T15:15:14.014981600] [INFO] Unhandled event: Event{type=BREAK_DOWN, description='Random event description'} - no handler found
[2025-01-12T15:15:14.220951100] [HINT] Event #87
Event{type=REPAIR, description='Random event description'}
[2025-01-12T15:15:14.224983900] [INFO] Unhandled event: Event{type=REPAIR, description='Random event description'} - no handler found
[2025-01-12T15:15:14.429957400] [HINT] Event #88
Event{type=FARMER_WORK, description='Random event description'}
[2025-01-12T15:15:14.429957400] [INFO] Unhandled event: Event{type=FARMER_WORK, description='Random event description'} - no handler found
[2025-01-12T15:15:14.638696700] [HINT] Event #89
Event{type=REPAIR, description='Random event description'}
[2025-01-12T15:15:14.638696700] [INFO] Unhandled event: Event{type=REPAIR, description='Random event description'} - no handler found
[2025-01-12T15:15:14.845833300] [HINT] Event #90
Event{type=REFUEL, description='Random event description'}
[2025-01-12T15:15:14.845833300] [INFO] Unhandled event: Event{type=REFUEL, description='Random event description'} - no handler found
[2025-01-12T15:15:15.053531200] [HINT] Event #91
Event{type=FARMER_REST, description='Random event description'}
[2025-01-12T15:15:15.055537200] [INFO] Unhandled event: Event{type=FARMER_REST, description='Random event description'} - no handler found
[2025-01-12T15:15:15.261028600] [HINT] Event #92
Event{type=HARVEST_CROPS, description='Random event description'}
[2025-01-12T15:15:15.263048600] [INFO] Unhandled event: Event{type=HARVEST_CROPS, description='Random event description'} - no handler found
[2025-01-12T15:15:15.468832700] [HINT] Event #93
Event{type=FARMER_SLEEP, description='Random event description'}
[2025-01-12T15:15:15.470875800] [INFO] Unhandled event: Event{type=FARMER_SLEEP, description='Random event description'} - no handler found
[2025-01-12T15:15:15.677511900] [HINT] Event #94
Event{type=PERFORM_ACTION, description='Random event description'}
[2025-01-12T15:15:15.677511900] [INFO] Unhandled event: Event{type=PERFORM_ACTION, description='Random event description'} - no handler found
[2025-01-12T15:15:15.885656300] [HINT] Event #95
Event{type=HARVEST_CROPS, description='Random event description'}
[2025-01-12T15:15:15.885656300] [INFO] Unhandled event: Event{type=HARVEST_CROPS, description='Random event description'} - no handler found
[2025-01-12T15:15:16.093308200] [HINT] Event #96
Event{type=FARMER_WORK, description='Random event description'}
[2025-01-12T15:15:16.095334300] [INFO] Unhandled event: Event{type=FARMER_WORK, description='Random event description'} - no handler found
[2025-01-12T15:15:16.301018600] [HINT] Event #97
Event{type=TURN_ON, description='Random event description'}
[2025-01-12T15:15:16.303031100] [INFO] Unhandled event: Event{type=TURN_ON, description='Random event description'} - no handler found
[2025-01-12T15:15:16.508465700] [HINT] Event #98
Event{type=PLANT_CROPS, description='Random event description'}
[2025-01-12T15:15:16.508465700] [INFO] Unhandled event: Event{type=PLANT_CROPS, description='Random event description'} - no handler found
[2025-01-12T15:15:16.716290400] [HINT] Event #99
Event{type=TURN_ON, description='Random event description'}
[2025-01-12T15:15:16.716290400] [INFO] Unhandled event: Event{type=TURN_ON, description='Random event description'} - no handler found
[2025-01-12T15:15:16.924225700] [HINT] Event #100
Event{type=PERFORM_ACTION, description='Random event description'}
[2025-01-12T15:15:16.926249400] [INFO] Unhandled event: Event{type=PERFORM_ACTION, description='Random event description'} - no handler found
[2025-01-12T15:15:17.133075] [HINT] Would you like to save the current farm data to a JSON file? (yes/no): 
[2025-01-12T15:15:20.886550400] [HINT] Enter the file name to save (e.g., config_1.json): 
[2025-01-12T15:15:31.434879400] [HINT] A file with this name already exists. Would you like to overwrite it? (yes/no): 
[2025-01-12T15:15:37.393765800] [INFO] Farm configuration saved successfully to src/main/resources/test_config.json
